!SESSION 2013-04-17 08:31:25.616 -----------------------------------------------
eclipse.buildId=unknown
java.version=1.7.0_17
java.vendor=Oracle Corporation
BootLoader constants: OS=win32, ARCH=x86, WS=win32, NL=nl_BE
Command-line arguments:  -os win32 -ws win32 -arch x86

This is a continuation of log file C:\Users\Aillan De Vos\Dropbox\Project ICT - team 2 (1)\MemoryGame\.metadata\.bak_2.log
Created Time: 2013-04-17 09:22:34.384

!ENTRY org.eclipse.core.resources 4 1 2013-04-17 09:22:34.394
!MESSAGE Core exception while retrieving the content description
!STACK 1
org.eclipse.core.internal.resources.ResourceException: Resource is out of sync with the file system: '/Memory Game/LocalFiles/Settings.html'.
	at org.eclipse.core.internal.resources.File.getContentDescription(File.java:269)
	at org.eclipse.core.internal.propertytester.FilePropertyTester.testContentType(FilePropertyTester.java:108)
	at org.eclipse.core.internal.propertytester.FilePropertyTester.test(FilePropertyTester.java:60)
	at org.eclipse.core.internal.expressions.Property.test(Property.java:58)
	at org.eclipse.core.internal.expressions.TestExpression.evaluate(TestExpression.java:99)
	at org.eclipse.core.internal.expressions.CompositeExpression.evaluateAnd(CompositeExpression.java:53)
	at org.eclipse.core.internal.expressions.AndExpression.evaluate(AndExpression.java:29)
	at org.eclipse.core.internal.expressions.CompositeExpression.evaluateOr(CompositeExpression.java:68)
	at org.eclipse.core.internal.expressions.OrExpression.evaluate(OrExpression.java:21)
	at org.eclipse.ui.internal.navigator.NavigatorPlugin$Evaluator.run(NavigatorPlugin.java:245)
	at org.eclipse.core.runtime.SafeRunner.run(SafeRunner.java:42)
	at org.eclipse.ui.internal.navigator.CustomAndExpression.evaluate(CustomAndExpression.java:71)
	at org.eclipse.ui.internal.navigator.NavigatorPlugin$Evaluator.run(NavigatorPlugin.java:245)
	at org.eclipse.core.runtime.SafeRunner.run(SafeRunner.java:42)
	at org.eclipse.ui.internal.navigator.NavigatorPlugin.safeEvaluate(NavigatorPlugin.java:260)
	at org.eclipse.ui.internal.navigator.extensions.NavigatorContentDescriptor.isPossibleChild(NavigatorContentDescriptor.java:454)
	at org.eclipse.ui.internal.navigator.extensions.NavigatorContentDescriptorManager.findDescriptors(NavigatorContentDescriptorManager.java:236)
	at org.eclipse.ui.internal.navigator.extensions.NavigatorContentDescriptorManager.findDescriptorsForPossibleChild(NavigatorContentDescriptorManager.java:206)
	at org.eclipse.ui.internal.navigator.NavigatorContentService.findDescriptorsWithPossibleChild(NavigatorContentService.java:842)
	at org.eclipse.ui.internal.navigator.NavigatorContentService.findPossibleLabelExtensions(NavigatorContentService.java:457)
	at org.eclipse.ui.internal.navigator.NavigatorContentService.findRelevantLabelProviders(NavigatorContentService.java:496)
	at org.eclipse.ui.internal.navigator.NavigatorContentServiceLabelProvider.getForeground(NavigatorContentServiceLabelProvider.java:224)
	at org.eclipse.ui.internal.navigator.NavigatorDecoratingLabelProvider$StyledLabelProviderAdapter.getForeground(NavigatorDecoratingLabelProvider.java:119)
	at org.eclipse.jface.viewers.DelegatingStyledCellLabelProvider.getForeground(DelegatingStyledCellLabelProvider.java:137)
	at org.eclipse.jface.viewers.DecoratingStyledCellLabelProvider.getForeground(DecoratingStyledCellLabelProvider.java:144)
	at org.eclipse.jface.viewers.DelegatingStyledCellLabelProvider.update(DelegatingStyledCellLabelProvider.java:120)
	at org.eclipse.jface.viewers.DecoratingStyledCellLabelProvider.update(DecoratingStyledCellLabelProvider.java:134)
	at org.eclipse.jface.viewers.ViewerColumn.refresh(ViewerColumn.java:152)
	at org.eclipse.jface.viewers.AbstractTreeViewer.doUpdateItem(AbstractTreeViewer.java:953)
	at org.eclipse.jface.viewers.AbstractTreeViewer$UpdateItemSafeRunnable.run(AbstractTreeViewer.java:113)
	at org.eclipse.core.runtime.SafeRunner.run(SafeRunner.java:42)
	at org.eclipse.ui.internal.JFaceUtil$1.run(JFaceUtil.java:49)
	at org.eclipse.jface.util.SafeRunnable.run(SafeRunnable.java:175)
	at org.eclipse.jface.viewers.AbstractTreeViewer.doUpdateItem(AbstractTreeViewer.java:1033)
	at org.eclipse.ui.navigator.CommonViewer.doUpdateItem(CommonViewer.java:409)
	at org.eclipse.ui.internal.navigator.resources.ResourceToItemsMapper.updateItem(ResourceToItemsMapper.java:142)
	at org.eclipse.ui.internal.navigator.resources.ResourceToItemsMapper.objectChanged(ResourceToItemsMapper.java:131)
	at org.eclipse.ui.navigator.CommonViewer.handleLabelProviderChanged(CommonViewer.java:223)
	at org.eclipse.jface.viewers.ContentViewer$1.labelProviderChanged(ContentViewer.java:97)
	at org.eclipse.jface.viewers.BaseLabelProvider$1.run(BaseLabelProvider.java:74)
	at org.eclipse.core.runtime.SafeRunner.run(SafeRunner.java:42)
	at org.eclipse.ui.internal.JFaceUtil$1.run(JFaceUtil.java:49)
	at org.eclipse.jface.util.SafeRunnable.run(SafeRunnable.java:175)
	at org.eclipse.jface.viewers.BaseLabelProvider.fireLabelProviderChanged(BaseLabelProvider.java:72)
	at org.eclipse.jface.viewers.DecoratingStyledCellLabelProvider$1.labelProviderChanged(DecoratingStyledCellLabelProvider.java:77)
	at org.eclipse.ui.internal.decorators.DecoratorManager$1.run(DecoratorManager.java:430)
	at org.eclipse.core.runtime.SafeRunner.run(SafeRunner.java:42)
	at org.eclipse.ui.internal.decorators.DecoratorManager.fireListener(DecoratorManager.java:428)
	at org.eclipse.ui.internal.decorators.DecorationScheduler$3.runInUIThread(DecorationScheduler.java:529)
	at org.eclipse.ui.progress.UIJob$1.run(UIJob.java:95)
	at org.eclipse.swt.widgets.RunnableLock.run(RunnableLock.java:35)
	at org.eclipse.swt.widgets.Synchronizer.runAsyncMessages(Synchronizer.java:135)
	at org.eclipse.swt.widgets.Display.runAsyncMessages(Display.java:4140)
	at org.eclipse.swt.widgets.Display.readAndDispatch(Display.java:3757)
	at org.eclipse.ui.internal.Workbench.runEventLoop(Workbench.java:2701)
	at org.eclipse.ui.internal.Workbench.runUI(Workbench.java:2665)
	at org.eclipse.ui.internal.Workbench.access$4(Workbench.java:2499)
	at org.eclipse.ui.internal.Workbench$7.run(Workbench.java:679)
	at org.eclipse.core.databinding.observable.Realm.runWithDefault(Realm.java:332)
	at org.eclipse.ui.internal.Workbench.createAndRunWorkbench(Workbench.java:668)
	at org.eclipse.ui.PlatformUI.createAndRunWorkbench(PlatformUI.java:149)
	at org.eclipse.ui.internal.ide.application.IDEApplication.start(IDEApplication.java:124)
	at org.eclipse.equinox.internal.app.EclipseAppHandle.run(EclipseAppHandle.java:196)
	at org.eclipse.core.runtime.internal.adaptor.EclipseAppLauncher.runApplication(EclipseAppLauncher.java:110)
	at org.eclipse.core.runtime.internal.adaptor.EclipseAppLauncher.start(EclipseAppLauncher.java:79)
	at org.eclipse.core.runtime.adaptor.EclipseStarter.run(EclipseStarter.java:353)
	at org.eclipse.core.runtime.adaptor.EclipseStarter.run(EclipseStarter.java:180)
	at sun.reflect.NativeMethodAccessorImpl.invoke0(Native Method)
	at sun.reflect.NativeMethodAccessorImpl.invoke(Unknown Source)
	at sun.reflect.DelegatingMethodAccessorImpl.invoke(Unknown Source)
	at java.lang.reflect.Method.invoke(Unknown Source)
	at org.eclipse.equinox.launcher.Main.invokeFramework(Main.java:629)
	at org.eclipse.equinox.launcher.Main.basicRun(Main.java:584)
	at org.eclipse.equinox.launcher.Main.run(Main.java:1438)
!SUBENTRY 1 org.eclipse.core.resources 4 274 2013-04-17 09:22:34.394
!MESSAGE Resource is out of sync with the file system: '/Memory Game/LocalFiles/Settings.html'.

!ENTRY org.eclipse.core.resources 4 1 2013-04-17 09:22:34.394
!MESSAGE Core exception while retrieving the content description
!STACK 1
org.eclipse.core.internal.resources.ResourceException: Resource is out of sync with the file system: '/Memory Game/LocalFiles/Settings.html'.
	at org.eclipse.core.internal.resources.File.getContentDescription(File.java:269)
	at org.eclipse.core.internal.propertytester.FilePropertyTester.testContentType(FilePropertyTester.java:108)
	at org.eclipse.core.internal.propertytester.FilePropertyTester.test(FilePropertyTester.java:60)
	at org.eclipse.core.internal.expressions.Property.test(Property.java:58)
	at org.eclipse.core.internal.expressions.TestExpression.evaluate(TestExpression.java:99)
	at org.eclipse.core.internal.expressions.CompositeExpression.evaluateAnd(CompositeExpression.java:53)
	at org.eclipse.core.internal.expressions.AndExpression.evaluate(AndExpression.java:29)
	at org.eclipse.core.internal.expressions.CompositeExpression.evaluateOr(CompositeExpression.java:68)
	at org.eclipse.core.internal.expressions.OrExpression.evaluate(OrExpression.java:21)
	at org.eclipse.ui.internal.navigator.NavigatorPlugin$Evaluator.run(NavigatorPlugin.java:245)
	at org.eclipse.core.runtime.SafeRunner.run(SafeRunner.java:42)
	at org.eclipse.ui.internal.navigator.CustomAndExpression.evaluate(CustomAndExpression.java:71)
	at org.eclipse.ui.internal.navigator.NavigatorPlugin$Evaluator.run(NavigatorPlugin.java:245)
	at org.eclipse.core.runtime.SafeRunner.run(SafeRunner.java:42)
	at org.eclipse.ui.internal.navigator.NavigatorPlugin.safeEvaluate(NavigatorPlugin.java:260)
	at org.eclipse.ui.internal.navigator.extensions.NavigatorContentDescriptor.isPossibleChild(NavigatorContentDescriptor.java:454)
	at org.eclipse.ui.internal.navigator.extensions.NavigatorContentDescriptorManager.findDescriptors(NavigatorContentDescriptorManager.java:236)
	at org.eclipse.ui.internal.navigator.extensions.NavigatorContentDescriptorManager.findDescriptorsForPossibleChild(NavigatorContentDescriptorManager.java:206)
	at org.eclipse.ui.internal.navigator.NavigatorContentService.findDescriptorsWithPossibleChild(NavigatorContentService.java:842)
	at org.eclipse.ui.internal.navigator.NavigatorContentService.findPossibleLabelExtensions(NavigatorContentService.java:457)
	at org.eclipse.ui.internal.navigator.NavigatorContentService.findRelevantLabelProviders(NavigatorContentService.java:496)
	at org.eclipse.ui.internal.navigator.NavigatorContentServiceLabelProvider.getBackground(NavigatorContentServiceLabelProvider.java:242)
	at org.eclipse.ui.internal.navigator.NavigatorDecoratingLabelProvider$StyledLabelProviderAdapter.getBackground(NavigatorDecoratingLabelProvider.java:109)
	at org.eclipse.jface.viewers.DelegatingStyledCellLabelProvider.getBackground(DelegatingStyledCellLabelProvider.java:153)
	at org.eclipse.jface.viewers.DecoratingStyledCellLabelProvider.getBackground(DecoratingStyledCellLabelProvider.java:154)
	at org.eclipse.jface.viewers.DelegatingStyledCellLabelProvider.update(DelegatingStyledCellLabelProvider.java:121)
	at org.eclipse.jface.viewers.DecoratingStyledCellLabelProvider.update(DecoratingStyledCellLabelProvider.java:134)
	at org.eclipse.jface.viewers.ViewerColumn.refresh(ViewerColumn.java:152)
	at org.eclipse.jface.viewers.AbstractTreeViewer.doUpdateItem(AbstractTreeViewer.java:953)
	at org.eclipse.jface.viewers.AbstractTreeViewer$UpdateItemSafeRunnable.run(AbstractTreeViewer.java:113)
	at org.eclipse.core.runtime.SafeRunner.run(SafeRunner.java:42)
	at org.eclipse.ui.internal.JFaceUtil$1.run(JFaceUtil.java:49)
	at org.eclipse.jface.util.SafeRunnable.run(SafeRunnable.java:175)
	at org.eclipse.jface.viewers.AbstractTreeViewer.doUpdateItem(AbstractTreeViewer.java:1033)
	at org.eclipse.ui.navigator.CommonViewer.doUpdateItem(CommonViewer.java:409)
	at org.eclipse.ui.internal.navigator.resources.ResourceToItemsMapper.updateItem(ResourceToItemsMapper.java:142)
	at org.eclipse.ui.internal.navigator.resources.ResourceToItemsMapper.objectChanged(ResourceToItemsMapper.java:131)
	at org.eclipse.ui.navigator.CommonViewer.handleLabelProviderChanged(CommonViewer.java:223)
	at org.eclipse.jface.viewers.ContentViewer$1.labelProviderChanged(ContentViewer.java:97)
	at org.eclipse.jface.viewers.BaseLabelProvider$1.run(BaseLabelProvider.java:74)
	at org.eclipse.core.runtime.SafeRunner.run(SafeRunner.java:42)
	at org.eclipse.ui.internal.JFaceUtil$1.run(JFaceUtil.java:49)
	at org.eclipse.jface.util.SafeRunnable.run(SafeRunnable.java:175)
	at org.eclipse.jface.viewers.BaseLabelProvider.fireLabelProviderChanged(BaseLabelProvider.java:72)
	at org.eclipse.jface.viewers.DecoratingStyledCellLabelProvider$1.labelProviderChanged(DecoratingStyledCellLabelProvider.java:77)
	at org.eclipse.ui.internal.decorators.DecoratorManager$1.run(DecoratorManager.java:430)
	at org.eclipse.core.runtime.SafeRunner.run(SafeRunner.java:42)
	at org.eclipse.ui.internal.decorators.DecoratorManager.fireListener(DecoratorManager.java:428)
	at org.eclipse.ui.internal.decorators.DecorationScheduler$3.runInUIThread(DecorationScheduler.java:529)
	at org.eclipse.ui.progress.UIJob$1.run(UIJob.java:95)
	at org.eclipse.swt.widgets.RunnableLock.run(RunnableLock.java:35)
	at org.eclipse.swt.widgets.Synchronizer.runAsyncMessages(Synchronizer.java:135)
	at org.eclipse.swt.widgets.Display.runAsyncMessages(Display.java:4140)
	at org.eclipse.swt.widgets.Display.readAndDispatch(Display.java:3757)
	at org.eclipse.ui.internal.Workbench.runEventLoop(Workbench.java:2701)
	at org.eclipse.ui.internal.Workbench.runUI(Workbench.java:2665)
	at org.eclipse.ui.internal.Workbench.access$4(Workbench.java:2499)
	at org.eclipse.ui.internal.Workbench$7.run(Workbench.java:679)
	at org.eclipse.core.databinding.observable.Realm.runWithDefault(Realm.java:332)
	at org.eclipse.ui.internal.Workbench.createAndRunWorkbench(Workbench.java:668)
	at org.eclipse.ui.PlatformUI.createAndRunWorkbench(PlatformUI.java:149)
	at org.eclipse.ui.internal.ide.application.IDEApplication.start(IDEApplication.java:124)
	at org.eclipse.equinox.internal.app.EclipseAppHandle.run(EclipseAppHandle.java:196)
	at org.eclipse.core.runtime.internal.adaptor.EclipseAppLauncher.runApplication(EclipseAppLauncher.java:110)
	at org.eclipse.core.runtime.internal.adaptor.EclipseAppLauncher.start(EclipseAppLauncher.java:79)
	at org.eclipse.core.runtime.adaptor.EclipseStarter.run(EclipseStarter.java:353)
	at org.eclipse.core.runtime.adaptor.EclipseStarter.run(EclipseStarter.java:180)
	at sun.reflect.NativeMethodAccessorImpl.invoke0(Native Method)
	at sun.reflect.NativeMethodAccessorImpl.invoke(Unknown Source)
	at sun.reflect.DelegatingMethodAccessorImpl.invoke(Unknown Source)
	at java.lang.reflect.Method.invoke(Unknown Source)
	at org.eclipse.equinox.launcher.Main.invokeFramework(Main.java:629)
	at org.eclipse.equinox.launcher.Main.basicRun(Main.java:584)
	at org.eclipse.equinox.launcher.Main.run(Main.java:1438)
!SUBENTRY 1 org.eclipse.core.resources 4 274 2013-04-17 09:22:34.394
!MESSAGE Resource is out of sync with the file system: '/Memory Game/LocalFiles/Settings.html'.

!ENTRY org.eclipse.core.resources 4 1 2013-04-17 09:22:34.394
!MESSAGE Core exception while retrieving the content description
!STACK 1
org.eclipse.core.internal.resources.ResourceException: Resource is out of sync with the file system: '/Memory Game/LocalFiles/KeuzeMenu.html'.
	at org.eclipse.core.internal.resources.File.getContentDescription(File.java:269)
	at org.eclipse.core.internal.propertytester.FilePropertyTester.testContentType(FilePropertyTester.java:108)
	at org.eclipse.core.internal.propertytester.FilePropertyTester.test(FilePropertyTester.java:60)
	at org.eclipse.core.internal.expressions.Property.test(Property.java:58)
	at org.eclipse.core.internal.expressions.TestExpression.evaluate(TestExpression.java:99)
	at org.eclipse.core.internal.expressions.CompositeExpression.evaluateAnd(CompositeExpression.java:53)
	at org.eclipse.core.internal.expressions.AndExpression.evaluate(AndExpression.java:29)
	at org.eclipse.core.internal.expressions.CompositeExpression.evaluateOr(CompositeExpression.java:68)
	at org.eclipse.core.internal.expressions.OrExpression.evaluate(OrExpression.java:21)
	at org.eclipse.ui.internal.navigator.NavigatorPlugin$Evaluator.run(NavigatorPlugin.java:245)
	at org.eclipse.core.runtime.SafeRunner.run(SafeRunner.java:42)
	at org.eclipse.ui.internal.navigator.CustomAndExpression.evaluate(CustomAndExpression.java:71)
	at org.eclipse.ui.internal.navigator.NavigatorPlugin$Evaluator.run(NavigatorPlugin.java:245)
	at org.eclipse.core.runtime.SafeRunner.run(SafeRunner.java:42)
	at org.eclipse.ui.internal.navigator.NavigatorPlugin.safeEvaluate(NavigatorPlugin.java:260)
	at org.eclipse.ui.internal.navigator.extensions.NavigatorContentDescriptor.isPossibleChild(NavigatorContentDescriptor.java:454)
	at org.eclipse.ui.internal.navigator.extensions.NavigatorContentDescriptorManager.findDescriptors(NavigatorContentDescriptorManager.java:236)
	at org.eclipse.ui.internal.navigator.extensions.NavigatorContentDescriptorManager.findDescriptorsForPossibleChild(NavigatorContentDescriptorManager.java:206)
	at org.eclipse.ui.internal.navigator.NavigatorContentService.findDescriptorsWithPossibleChild(NavigatorContentService.java:842)
	at org.eclipse.ui.internal.navigator.NavigatorContentService.findPossibleLabelExtensions(NavigatorContentService.java:457)
	at org.eclipse.ui.internal.navigator.NavigatorContentServiceLabelProvider.getStyledText(NavigatorContentServiceLabelProvider.java:145)
	at org.eclipse.ui.internal.navigator.NavigatorDecoratingLabelProvider$StyledLabelProviderAdapter.getStyledText(NavigatorDecoratingLabelProvider.java:68)
	at org.eclipse.jface.viewers.DelegatingStyledCellLabelProvider.getStyledText(DelegatingStyledCellLabelProvider.java:195)
	at org.eclipse.jface.viewers.DecoratingStyledCellLabelProvider.getStyledText(DecoratingStyledCellLabelProvider.java:192)
	at org.eclipse.jface.viewers.DelegatingStyledCellLabelProvider.update(DelegatingStyledCellLabelProvider.java:103)
	at org.eclipse.jface.viewers.DecoratingStyledCellLabelProvider.update(DecoratingStyledCellLabelProvider.java:134)
	at org.eclipse.jface.viewers.ViewerColumn.refresh(ViewerColumn.java:152)
	at org.eclipse.jface.viewers.AbstractTreeViewer.doUpdateItem(AbstractTreeViewer.java:953)
	at org.eclipse.jface.viewers.AbstractTreeViewer$UpdateItemSafeRunnable.run(AbstractTreeViewer.java:113)
	at org.eclipse.core.runtime.SafeRunner.run(SafeRunner.java:42)
	at org.eclipse.ui.internal.JFaceUtil$1.run(JFaceUtil.java:49)
	at org.eclipse.jface.util.SafeRunnable.run(SafeRunnable.java:175)
	at org.eclipse.jface.viewers.AbstractTreeViewer.doUpdateItem(AbstractTreeViewer.java:1033)
	at org.eclipse.ui.navigator.CommonViewer.doUpdateItem(CommonViewer.java:409)
	at org.eclipse.ui.internal.navigator.resources.ResourceToItemsMapper.updateItem(ResourceToItemsMapper.java:142)
	at org.eclipse.ui.internal.navigator.resources.ResourceToItemsMapper.objectChanged(ResourceToItemsMapper.java:131)
	at org.eclipse.ui.navigator.CommonViewer.handleLabelProviderChanged(CommonViewer.java:223)
	at org.eclipse.jface.viewers.ContentViewer$1.labelProviderChanged(ContentViewer.java:97)
	at org.eclipse.jface.viewers.BaseLabelProvider$1.run(BaseLabelProvider.java:74)
	at org.eclipse.core.runtime.SafeRunner.run(SafeRunner.java:42)
	at org.eclipse.ui.internal.JFaceUtil$1.run(JFaceUtil.java:49)
	at org.eclipse.jface.util.SafeRunnable.run(SafeRunnable.java:175)
	at org.eclipse.jface.viewers.BaseLabelProvider.fireLabelProviderChanged(BaseLabelProvider.java:72)
	at org.eclipse.jface.viewers.DecoratingStyledCellLabelProvider$1.labelProviderChanged(DecoratingStyledCellLabelProvider.java:77)
	at org.eclipse.ui.internal.decorators.DecoratorManager$1.run(DecoratorManager.java:430)
	at org.eclipse.core.runtime.SafeRunner.run(SafeRunner.java:42)
	at org.eclipse.ui.internal.decorators.DecoratorManager.fireListener(DecoratorManager.java:428)
	at org.eclipse.ui.internal.decorators.DecorationScheduler$3.runInUIThread(DecorationScheduler.java:529)
	at org.eclipse.ui.progress.UIJob$1.run(UIJob.java:95)
	at org.eclipse.swt.widgets.RunnableLock.run(RunnableLock.java:35)
	at org.eclipse.swt.widgets.Synchronizer.runAsyncMessages(Synchronizer.java:135)
	at org.eclipse.swt.widgets.Display.runAsyncMessages(Display.java:4140)
	at org.eclipse.swt.widgets.Display.readAndDispatch(Display.java:3757)
	at org.eclipse.ui.internal.Workbench.runEventLoop(Workbench.java:2701)
	at org.eclipse.ui.internal.Workbench.runUI(Workbench.java:2665)
	at org.eclipse.ui.internal.Workbench.access$4(Workbench.java:2499)
	at org.eclipse.ui.internal.Workbench$7.run(Workbench.java:679)
	at org.eclipse.core.databinding.observable.Realm.runWithDefault(Realm.java:332)
	at org.eclipse.ui.internal.Workbench.createAndRunWorkbench(Workbench.java:668)
	at org.eclipse.ui.PlatformUI.createAndRunWorkbench(PlatformUI.java:149)
	at org.eclipse.ui.internal.ide.application.IDEApplication.start(IDEApplication.java:124)
	at org.eclipse.equinox.internal.app.EclipseAppHandle.run(EclipseAppHandle.java:196)
	at org.eclipse.core.runtime.internal.adaptor.EclipseAppLauncher.runApplication(EclipseAppLauncher.java:110)
	at org.eclipse.core.runtime.internal.adaptor.EclipseAppLauncher.start(EclipseAppLauncher.java:79)
	at org.eclipse.core.runtime.adaptor.EclipseStarter.run(EclipseStarter.java:353)
	at org.eclipse.core.runtime.adaptor.EclipseStarter.run(EclipseStarter.java:180)
	at sun.reflect.NativeMethodAccessorImpl.invoke0(Native Method)
	at sun.reflect.NativeMethodAccessorImpl.invoke(Unknown Source)
	at sun.reflect.DelegatingMethodAccessorImpl.invoke(Unknown Source)
	at java.lang.reflect.Method.invoke(Unknown Source)
	at org.eclipse.equinox.launcher.Main.invokeFramework(Main.java:629)
	at org.eclipse.equinox.launcher.Main.basicRun(Main.java:584)
	at org.eclipse.equinox.launcher.Main.run(Main.java:1438)
!SUBENTRY 1 org.eclipse.core.resources 4 274 2013-04-17 09:22:34.394
!MESSAGE Resource is out of sync with the file system: '/Memory Game/LocalFiles/KeuzeMenu.html'.

!ENTRY org.eclipse.core.resources 4 1 2013-04-17 09:22:34.394
!MESSAGE Core exception while retrieving the content description
!STACK 1
org.eclipse.core.internal.resources.ResourceException: Resource is out of sync with the file system: '/Memory Game/LocalFiles/KeuzeMenu.html'.
	at org.eclipse.core.internal.resources.File.getContentDescription(File.java:269)
	at org.eclipse.core.internal.propertytester.FilePropertyTester.testContentType(FilePropertyTester.java:108)
	at org.eclipse.core.internal.propertytester.FilePropertyTester.test(FilePropertyTester.java:60)
	at org.eclipse.core.internal.expressions.Property.test(Property.java:58)
	at org.eclipse.core.internal.expressions.TestExpression.evaluate(TestExpression.java:99)
	at org.eclipse.core.internal.expressions.CompositeExpression.evaluateAnd(CompositeExpression.java:53)
	at org.eclipse.core.internal.expressions.AndExpression.evaluate(AndExpression.java:29)
	at org.eclipse.core.internal.expressions.CompositeExpression.evaluateOr(CompositeExpression.java:68)
	at org.eclipse.core.internal.expressions.OrExpression.evaluate(OrExpression.java:21)
	at org.eclipse.ui.internal.navigator.NavigatorPlugin$Evaluator.run(NavigatorPlugin.java:245)
	at org.eclipse.core.runtime.SafeRunner.run(SafeRunner.java:42)
	at org.eclipse.ui.internal.navigator.CustomAndExpression.evaluate(CustomAndExpression.java:71)
	at org.eclipse.ui.internal.navigator.NavigatorPlugin$Evaluator.run(NavigatorPlugin.java:245)
	at org.eclipse.core.runtime.SafeRunner.run(SafeRunner.java:42)
	at org.eclipse.ui.internal.navigator.NavigatorPlugin.safeEvaluate(NavigatorPlugin.java:260)
	at org.eclipse.ui.internal.navigator.extensions.NavigatorContentDescriptor.isPossibleChild(NavigatorContentDescriptor.java:454)
	at org.eclipse.ui.internal.navigator.extensions.NavigatorContentDescriptorManager.findDescriptors(NavigatorContentDescriptorManager.java:236)
	at org.eclipse.ui.internal.navigator.extensions.NavigatorContentDescriptorManager.findDescriptorsForPossibleChild(NavigatorContentDescriptorManager.java:206)
	at org.eclipse.ui.internal.navigator.NavigatorContentService.findDescriptorsWithPossibleChild(NavigatorContentService.java:842)
	at org.eclipse.ui.internal.navigator.NavigatorContentService.findPossibleLabelExtensions(NavigatorContentService.java:457)
	at org.eclipse.ui.internal.navigator.NavigatorContentServiceLabelProvider.getColumnImage(NavigatorContentServiceLabelProvider.java:102)
	at org.eclipse.ui.internal.navigator.NavigatorContentServiceLabelProvider.getImage(NavigatorContentServiceLabelProvider.java:98)
	at org.eclipse.ui.internal.navigator.NavigatorDecoratingLabelProvider$StyledLabelProviderAdapter.getImage(NavigatorDecoratingLabelProvider.java:60)
	at org.eclipse.jface.viewers.DelegatingStyledCellLabelProvider.getImage(DelegatingStyledCellLabelProvider.java:184)
	at org.eclipse.jface.viewers.DecoratingStyledCellLabelProvider.getImage(DecoratingStyledCellLabelProvider.java:167)
	at org.eclipse.jface.viewers.DelegatingStyledCellLabelProvider.update(DelegatingStyledCellLabelProvider.java:118)
	at org.eclipse.jface.viewers.DecoratingStyledCellLabelProvider.update(DecoratingStyledCellLabelProvider.java:134)
	at org.eclipse.jface.viewers.ViewerColumn.refresh(ViewerColumn.java:152)
	at org.eclipse.jface.viewers.AbstractTreeViewer.doUpdateItem(AbstractTreeViewer.java:953)
	at org.eclipse.jface.viewers.AbstractTreeViewer$UpdateItemSafeRunnable.run(AbstractTreeViewer.java:113)
	at org.eclipse.core.runtime.SafeRunner.run(SafeRunner.java:42)
	at org.eclipse.ui.internal.JFaceUtil$1.run(JFaceUtil.java:49)
	at org.eclipse.jface.util.SafeRunnable.run(SafeRunnable.java:175)
	at org.eclipse.jface.viewers.AbstractTreeViewer.doUpdateItem(AbstractTreeViewer.java:1033)
	at org.eclipse.ui.navigator.CommonViewer.doUpdateItem(CommonViewer.java:409)
	at org.eclipse.ui.internal.navigator.resources.ResourceToItemsMapper.updateItem(ResourceToItemsMapper.java:142)
	at org.eclipse.ui.internal.navigator.resources.ResourceToItemsMapper.objectChanged(ResourceToItemsMapper.java:131)
	at org.eclipse.ui.navigator.CommonViewer.handleLabelProviderChanged(CommonViewer.java:223)
	at org.eclipse.jface.viewers.ContentViewer$1.labelProviderChanged(ContentViewer.java:97)
	at org.eclipse.jface.viewers.BaseLabelProvider$1.run(BaseLabelProvider.java:74)
	at org.eclipse.core.runtime.SafeRunner.run(SafeRunner.java:42)
	at org.eclipse.ui.internal.JFaceUtil$1.run(JFaceUtil.java:49)
	at org.eclipse.jface.util.SafeRunnable.run(SafeRunnable.java:175)
	at org.eclipse.jface.viewers.BaseLabelProvider.fireLabelProviderChanged(BaseLabelProvider.java:72)
	at org.eclipse.jface.viewers.DecoratingStyledCellLabelProvider$1.labelProviderChanged(DecoratingStyledCellLabelProvider.java:77)
	at org.eclipse.ui.internal.decorators.DecoratorManager$1.run(DecoratorManager.java:430)
	at org.eclipse.core.runtime.SafeRunner.run(SafeRunner.java:42)
	at org.eclipse.ui.internal.decorators.DecoratorManager.fireListener(DecoratorManager.java:428)
	at org.eclipse.ui.internal.decorators.DecorationScheduler$3.runInUIThread(DecorationScheduler.java:529)
	at org.eclipse.ui.progress.UIJob$1.run(UIJob.java:95)
	at org.eclipse.swt.widgets.RunnableLock.run(RunnableLock.java:35)
	at org.eclipse.swt.widgets.Synchronizer.runAsyncMessages(Synchronizer.java:135)
	at org.eclipse.swt.widgets.Display.runAsyncMessages(Display.java:4140)
	at org.eclipse.swt.widgets.Display.readAndDispatch(Display.java:3757)
	at org.eclipse.ui.internal.Workbench.runEventLoop(Workbench.java:2701)
	at org.eclipse.ui.internal.Workbench.runUI(Workbench.java:2665)
	at org.eclipse.ui.internal.Workbench.access$4(Workbench.java:2499)
	at org.eclipse.ui.internal.Workbench$7.run(Workbench.java:679)
	at org.eclipse.core.databinding.observable.Realm.runWithDefault(Realm.java:332)
	at org.eclipse.ui.internal.Workbench.createAndRunWorkbench(Workbench.java:668)
	at org.eclipse.ui.PlatformUI.createAndRunWorkbench(PlatformUI.java:149)
	at org.eclipse.ui.internal.ide.application.IDEApplication.start(IDEApplication.java:124)
	at org.eclipse.equinox.internal.app.EclipseAppHandle.run(EclipseAppHandle.java:196)
	at org.eclipse.core.runtime.internal.adaptor.EclipseAppLauncher.runApplication(EclipseAppLauncher.java:110)
	at org.eclipse.core.runtime.internal.adaptor.EclipseAppLauncher.start(EclipseAppLauncher.java:79)
	at org.eclipse.core.runtime.adaptor.EclipseStarter.run(EclipseStarter.java:353)
	at org.eclipse.core.runtime.adaptor.EclipseStarter.run(EclipseStarter.java:180)
	at sun.reflect.NativeMethodAccessorImpl.invoke0(Native Method)
	at sun.reflect.NativeMethodAccessorImpl.invoke(Unknown Source)
	at sun.reflect.DelegatingMethodAccessorImpl.invoke(Unknown Source)
	at java.lang.reflect.Method.invoke(Unknown Source)
	at org.eclipse.equinox.launcher.Main.invokeFramework(Main.java:629)
	at org.eclipse.equinox.launcher.Main.basicRun(Main.java:584)
	at org.eclipse.equinox.launcher.Main.run(Main.java:1438)
!SUBENTRY 1 org.eclipse.core.resources 4 274 2013-04-17 09:22:34.394
!MESSAGE Resource is out of sync with the file system: '/Memory Game/LocalFiles/KeuzeMenu.html'.

!ENTRY org.eclipse.core.resources 4 1 2013-04-17 09:22:34.394
!MESSAGE Core exception while retrieving the content description
!STACK 1
org.eclipse.core.internal.resources.ResourceException: Resource is out of sync with the file system: '/Memory Game/LocalFiles/KeuzeMenu.html'.
	at org.eclipse.core.internal.resources.File.getContentDescription(File.java:269)
	at org.eclipse.core.internal.propertytester.FilePropertyTester.testContentType(FilePropertyTester.java:108)
	at org.eclipse.core.internal.propertytester.FilePropertyTester.test(FilePropertyTester.java:60)
	at org.eclipse.core.internal.expressions.Property.test(Property.java:58)
	at org.eclipse.core.internal.expressions.TestExpression.evaluate(TestExpression.java:99)
	at org.eclipse.core.internal.expressions.CompositeExpression.evaluateAnd(CompositeExpression.java:53)
	at org.eclipse.core.internal.expressions.AndExpression.evaluate(AndExpression.java:29)
	at org.eclipse.core.internal.expressions.CompositeExpression.evaluateOr(CompositeExpression.java:68)
	at org.eclipse.core.internal.expressions.OrExpression.evaluate(OrExpression.java:21)
	at org.eclipse.ui.internal.navigator.NavigatorPlugin$Evaluator.run(NavigatorPlugin.java:245)
	at org.eclipse.core.runtime.SafeRunner.run(SafeRunner.java:42)
	at org.eclipse.ui.internal.navigator.CustomAndExpression.evaluate(CustomAndExpression.java:71)
	at org.eclipse.ui.internal.navigator.NavigatorPlugin$Evaluator.run(NavigatorPlugin.java:245)
	at org.eclipse.core.runtime.SafeRunner.run(SafeRunner.java:42)
	at org.eclipse.ui.internal.navigator.NavigatorPlugin.safeEvaluate(NavigatorPlugin.java:260)
	at org.eclipse.ui.internal.navigator.extensions.NavigatorContentDescriptor.isPossibleChild(NavigatorContentDescriptor.java:454)
	at org.eclipse.ui.internal.navigator.extensions.NavigatorContentDescriptorManager.findDescriptors(NavigatorContentDescriptorManager.java:236)
	at org.eclipse.ui.internal.navigator.extensions.NavigatorContentDescriptorManager.findDescriptorsForPossibleChild(NavigatorContentDescriptorManager.java:206)
	at org.eclipse.ui.internal.navigator.NavigatorContentService.findDescriptorsWithPossibleChild(NavigatorContentService.java:842)
	at org.eclipse.ui.internal.navigator.NavigatorContentService.findPossibleLabelExtensions(NavigatorContentService.java:457)
	at org.eclipse.ui.internal.navigator.NavigatorContentService.findRelevantLabelProviders(NavigatorContentService.java:496)
	at org.eclipse.ui.internal.navigator.NavigatorContentServiceLabelProvider.getFont(NavigatorContentServiceLabelProvider.java:206)
	at org.eclipse.ui.internal.navigator.NavigatorDecoratingLabelProvider$StyledLabelProviderAdapter.getFont(NavigatorDecoratingLabelProvider.java:129)
	at org.eclipse.jface.viewers.DelegatingStyledCellLabelProvider.getFont(DelegatingStyledCellLabelProvider.java:168)
	at org.eclipse.jface.viewers.DecoratingStyledCellLabelProvider.getFont(DecoratingStyledCellLabelProvider.java:163)
	at org.eclipse.jface.viewers.DelegatingStyledCellLabelProvider.update(DelegatingStyledCellLabelProvider.java:119)
	at org.eclipse.jface.viewers.DecoratingStyledCellLabelProvider.update(DecoratingStyledCellLabelProvider.java:134)
	at org.eclipse.jface.viewers.ViewerColumn.refresh(ViewerColumn.java:152)
	at org.eclipse.jface.viewers.AbstractTreeViewer.doUpdateItem(AbstractTreeViewer.java:953)
	at org.eclipse.jface.viewers.AbstractTreeViewer$UpdateItemSafeRunnable.run(AbstractTreeViewer.java:113)
	at org.eclipse.core.runtime.SafeRunner.run(SafeRunner.java:42)
	at org.eclipse.ui.internal.JFaceUtil$1.run(JFaceUtil.java:49)
	at org.eclipse.jface.util.SafeRunnable.run(SafeRunnable.java:175)
	at org.eclipse.jface.viewers.AbstractTreeViewer.doUpdateItem(AbstractTreeViewer.java:1033)
	at org.eclipse.ui.navigator.CommonViewer.doUpdateItem(CommonViewer.java:409)
	at org.eclipse.ui.internal.navigator.resources.ResourceToItemsMapper.updateItem(ResourceToItemsMapper.java:142)
	at org.eclipse.ui.internal.navigator.resources.ResourceToItemsMapper.objectChanged(ResourceToItemsMapper.java:131)
	at org.eclipse.ui.navigator.CommonViewer.handleLabelProviderChanged(CommonViewer.java:223)
	at org.eclipse.jface.viewers.ContentViewer$1.labelProviderChanged(ContentViewer.java:97)
	at org.eclipse.jface.viewers.BaseLabelProvider$1.run(BaseLabelProvider.java:74)
	at org.eclipse.core.runtime.SafeRunner.run(SafeRunner.java:42)
	at org.eclipse.ui.internal.JFaceUtil$1.run(JFaceUtil.java:49)
	at org.eclipse.jface.util.SafeRunnable.run(SafeRunnable.java:175)
	at org.eclipse.jface.viewers.BaseLabelProvider.fireLabelProviderChanged(BaseLabelProvider.java:72)
	at org.eclipse.jface.viewers.DecoratingStyledCellLabelProvider$1.labelProviderChanged(DecoratingStyledCellLabelProvider.java:77)
	at org.eclipse.ui.internal.decorators.DecoratorManager$1.run(DecoratorManager.java:430)
	at org.eclipse.core.runtime.SafeRunner.run(SafeRunner.java:42)
	at org.eclipse.ui.internal.decorators.DecoratorManager.fireListener(DecoratorManager.java:428)
	at org.eclipse.ui.internal.decorators.DecorationScheduler$3.runInUIThread(DecorationScheduler.java:529)
	at org.eclipse.ui.progress.UIJob$1.run(UIJob.java:95)
	at org.eclipse.swt.widgets.RunnableLock.run(RunnableLock.java:35)
	at org.eclipse.swt.widgets.Synchronizer.runAsyncMessages(Synchronizer.java:135)
	at org.eclipse.swt.widgets.Display.runAsyncMessages(Display.java:4140)
	at org.eclipse.swt.widgets.Display.readAndDispatch(Display.java:3757)
	at org.eclipse.ui.internal.Workbench.runEventLoop(Workbench.java:2701)
	at org.eclipse.ui.internal.Workbench.runUI(Workbench.java:2665)
	at org.eclipse.ui.internal.Workbench.access$4(Workbench.java:2499)
	at org.eclipse.ui.internal.Workbench$7.run(Workbench.java:679)
	at org.eclipse.core.databinding.observable.Realm.runWithDefault(Realm.java:332)
	at org.eclipse.ui.internal.Workbench.createAndRunWorkbench(Workbench.java:668)
	at org.eclipse.ui.PlatformUI.createAndRunWorkbench(PlatformUI.java:149)
	at org.eclipse.ui.internal.ide.application.IDEApplication.start(IDEApplication.java:124)
	at org.eclipse.equinox.internal.app.EclipseAppHandle.run(EclipseAppHandle.java:196)
	at org.eclipse.core.runtime.internal.adaptor.EclipseAppLauncher.runApplication(EclipseAppLauncher.java:110)
	at org.eclipse.core.runtime.internal.adaptor.EclipseAppLauncher.start(EclipseAppLauncher.java:79)
	at org.eclipse.core.runtime.adaptor.EclipseStarter.run(EclipseStarter.java:353)
	at org.eclipse.core.runtime.adaptor.EclipseStarter.run(EclipseStarter.java:180)
	at sun.reflect.NativeMethodAccessorImpl.invoke0(Native Method)
	at sun.reflect.NativeMethodAccessorImpl.invoke(Unknown Source)
	at sun.reflect.DelegatingMethodAccessorImpl.invoke(Unknown Source)
	at java.lang.reflect.Method.invoke(Unknown Source)
	at org.eclipse.equinox.launcher.Main.invokeFramework(Main.java:629)
	at org.eclipse.equinox.launcher.Main.basicRun(Main.java:584)
	at org.eclipse.equinox.launcher.Main.run(Main.java:1438)
!SUBENTRY 1 org.eclipse.core.resources 4 274 2013-04-17 09:22:34.404
!MESSAGE Resource is out of sync with the file system: '/Memory Game/LocalFiles/KeuzeMenu.html'.

!ENTRY org.eclipse.core.resources 4 1 2013-04-17 09:22:34.404
!MESSAGE Core exception while retrieving the content description
!STACK 1
org.eclipse.core.internal.resources.ResourceException: Resource is out of sync with the file system: '/Memory Game/LocalFiles/KeuzeMenu.html'.
	at org.eclipse.core.internal.resources.File.getContentDescription(File.java:269)
	at org.eclipse.core.internal.propertytester.FilePropertyTester.testContentType(FilePropertyTester.java:108)
	at org.eclipse.core.internal.propertytester.FilePropertyTester.test(FilePropertyTester.java:60)
	at org.eclipse.core.internal.expressions.Property.test(Property.java:58)
	at org.eclipse.core.internal.expressions.TestExpression.evaluate(TestExpression.java:99)
	at org.eclipse.core.internal.expressions.CompositeExpression.evaluateAnd(CompositeExpression.java:53)
	at org.eclipse.core.internal.expressions.AndExpression.evaluate(AndExpression.java:29)
	at org.eclipse.core.internal.expressions.CompositeExpression.evaluateOr(CompositeExpression.java:68)
	at org.eclipse.core.internal.expressions.OrExpression.evaluate(OrExpression.java:21)
	at org.eclipse.ui.internal.navigator.NavigatorPlugin$Evaluator.run(NavigatorPlugin.java:245)
	at org.eclipse.core.runtime.SafeRunner.run(SafeRunner.java:42)
	at org.eclipse.ui.internal.navigator.CustomAndExpression.evaluate(CustomAndExpression.java:71)
	at org.eclipse.ui.internal.navigator.NavigatorPlugin$Evaluator.run(NavigatorPlugin.java:245)
	at org.eclipse.core.runtime.SafeRunner.run(SafeRunner.java:42)
	at org.eclipse.ui.internal.navigator.NavigatorPlugin.safeEvaluate(NavigatorPlugin.java:260)
	at org.eclipse.ui.internal.navigator.extensions.NavigatorContentDescriptor.isPossibleChild(NavigatorContentDescriptor.java:454)
	at org.eclipse.ui.internal.navigator.extensions.NavigatorContentDescriptorManager.findDescriptors(NavigatorContentDescriptorManager.java:236)
	at org.eclipse.ui.internal.navigator.extensions.NavigatorContentDescriptorManager.findDescriptorsForPossibleChild(NavigatorContentDescriptorManager.java:206)
	at org.eclipse.ui.internal.navigator.NavigatorContentService.findDescriptorsWithPossibleChild(NavigatorContentService.java:842)
	at org.eclipse.ui.internal.navigator.NavigatorContentService.findPossibleLabelExtensions(NavigatorContentService.java:457)
	at org.eclipse.ui.internal.navigator.NavigatorContentService.findRelevantLabelProviders(NavigatorContentService.java:496)
	at org.eclipse.ui.internal.navigator.NavigatorContentServiceLabelProvider.getForeground(NavigatorContentServiceLabelProvider.java:224)
	at org.eclipse.ui.internal.navigator.NavigatorDecoratingLabelProvider$StyledLabelProviderAdapter.getForeground(NavigatorDecoratingLabelProvider.java:119)
	at org.eclipse.jface.viewers.DelegatingStyledCellLabelProvider.getForeground(DelegatingStyledCellLabelProvider.java:137)
	at org.eclipse.jface.viewers.DecoratingStyledCellLabelProvider.getForeground(DecoratingStyledCellLabelProvider.java:144)
	at org.eclipse.jface.viewers.DelegatingStyledCellLabelProvider.update(DelegatingStyledCellLabelProvider.java:120)
	at org.eclipse.jface.viewers.DecoratingStyledCellLabelProvider.update(DecoratingStyledCellLabelProvider.java:134)
	at org.eclipse.jface.viewers.ViewerColumn.refresh(ViewerColumn.java:152)
	at org.eclipse.jface.viewers.AbstractTreeViewer.doUpdateItem(AbstractTreeViewer.java:953)
	at org.eclipse.jface.viewers.AbstractTreeViewer$UpdateItemSafeRunnable.run(AbstractTreeViewer.java:113)
	at org.eclipse.core.runtime.SafeRunner.run(SafeRunner.java:42)
	at org.eclipse.ui.internal.JFaceUtil$1.run(JFaceUtil.java:49)
	at org.eclipse.jface.util.SafeRunnable.run(SafeRunnable.java:175)
	at org.eclipse.jface.viewers.AbstractTreeViewer.doUpdateItem(AbstractTreeViewer.java:1033)
	at org.eclipse.ui.navigator.CommonViewer.doUpdateItem(CommonViewer.java:409)
	at org.eclipse.ui.internal.navigator.resources.ResourceToItemsMapper.updateItem(ResourceToItemsMapper.java:142)
	at org.eclipse.ui.internal.navigator.resources.ResourceToItemsMapper.objectChanged(ResourceToItemsMapper.java:131)
	at org.eclipse.ui.navigator.CommonViewer.handleLabelProviderChanged(CommonViewer.java:223)
	at org.eclipse.jface.viewers.ContentViewer$1.labelProviderChanged(ContentViewer.java:97)
	at org.eclipse.jface.viewers.BaseLabelProvider$1.run(BaseLabelProvider.java:74)
	at org.eclipse.core.runtime.SafeRunner.run(SafeRunner.java:42)
	at org.eclipse.ui.internal.JFaceUtil$1.run(JFaceUtil.java:49)
	at org.eclipse.jface.util.SafeRunnable.run(SafeRunnable.java:175)
	at org.eclipse.jface.viewers.BaseLabelProvider.fireLabelProviderChanged(BaseLabelProvider.java:72)
	at org.eclipse.jface.viewers.DecoratingStyledCellLabelProvider$1.labelProviderChanged(DecoratingStyledCellLabelProvider.java:77)
	at org.eclipse.ui.internal.decorators.DecoratorManager$1.run(DecoratorManager.java:430)
	at org.eclipse.core.runtime.SafeRunner.run(SafeRunner.java:42)
	at org.eclipse.ui.internal.decorators.DecoratorManager.fireListener(DecoratorManager.java:428)
	at org.eclipse.ui.internal.decorators.DecorationScheduler$3.runInUIThread(DecorationScheduler.java:529)
	at org.eclipse.ui.progress.UIJob$1.run(UIJob.java:95)
	at org.eclipse.swt.widgets.RunnableLock.run(RunnableLock.java:35)
	at org.eclipse.swt.widgets.Synchronizer.runAsyncMessages(Synchronizer.java:135)
	at org.eclipse.swt.widgets.Display.runAsyncMessages(Display.java:4140)
	at org.eclipse.swt.widgets.Display.readAndDispatch(Display.java:3757)
	at org.eclipse.ui.internal.Workbench.runEventLoop(Workbench.java:2701)
	at org.eclipse.ui.internal.Workbench.runUI(Workbench.java:2665)
	at org.eclipse.ui.internal.Workbench.access$4(Workbench.java:2499)
	at org.eclipse.ui.internal.Workbench$7.run(Workbench.java:679)
	at org.eclipse.core.databinding.observable.Realm.runWithDefault(Realm.java:332)
	at org.eclipse.ui.internal.Workbench.createAndRunWorkbench(Workbench.java:668)
	at org.eclipse.ui.PlatformUI.createAndRunWorkbench(PlatformUI.java:149)
	at org.eclipse.ui.internal.ide.application.IDEApplication.start(IDEApplication.java:124)
	at org.eclipse.equinox.internal.app.EclipseAppHandle.run(EclipseAppHandle.java:196)
	at org.eclipse.core.runtime.internal.adaptor.EclipseAppLauncher.runApplication(EclipseAppLauncher.java:110)
	at org.eclipse.core.runtime.internal.adaptor.EclipseAppLauncher.start(EclipseAppLauncher.java:79)
	at org.eclipse.core.runtime.adaptor.EclipseStarter.run(EclipseStarter.java:353)
	at org.eclipse.core.runtime.adaptor.EclipseStarter.run(EclipseStarter.java:180)
	at sun.reflect.NativeMethodAccessorImpl.invoke0(Native Method)
	at sun.reflect.NativeMethodAccessorImpl.invoke(Unknown Source)
	at sun.reflect.DelegatingMethodAccessorImpl.invoke(Unknown Source)
	at java.lang.reflect.Method.invoke(Unknown Source)
	at org.eclipse.equinox.launcher.Main.invokeFramework(Main.java:629)
	at org.eclipse.equinox.launcher.Main.basicRun(Main.java:584)
	at org.eclipse.equinox.launcher.Main.run(Main.java:1438)
!SUBENTRY 1 org.eclipse.core.resources 4 274 2013-04-17 09:22:34.404
!MESSAGE Resource is out of sync with the file system: '/Memory Game/LocalFiles/KeuzeMenu.html'.

!ENTRY org.eclipse.core.resources 4 1 2013-04-17 09:22:34.404
!MESSAGE Core exception while retrieving the content description
!STACK 1
org.eclipse.core.internal.resources.ResourceException: Resource is out of sync with the file system: '/Memory Game/LocalFiles/KeuzeMenu.html'.
	at org.eclipse.core.internal.resources.File.getContentDescription(File.java:269)
	at org.eclipse.core.internal.propertytester.FilePropertyTester.testContentType(FilePropertyTester.java:108)
	at org.eclipse.core.internal.propertytester.FilePropertyTester.test(FilePropertyTester.java:60)
	at org.eclipse.core.internal.expressions.Property.test(Property.java:58)
	at org.eclipse.core.internal.expressions.TestExpression.evaluate(TestExpression.java:99)
	at org.eclipse.core.internal.expressions.CompositeExpression.evaluateAnd(CompositeExpression.java:53)
	at org.eclipse.core.internal.expressions.AndExpression.evaluate(AndExpression.java:29)
	at org.eclipse.core.internal.expressions.CompositeExpression.evaluateOr(CompositeExpression.java:68)
	at org.eclipse.core.internal.expressions.OrExpression.evaluate(OrExpression.java:21)
	at org.eclipse.ui.internal.navigator.NavigatorPlugin$Evaluator.run(NavigatorPlugin.java:245)
	at org.eclipse.core.runtime.SafeRunner.run(SafeRunner.java:42)
	at org.eclipse.ui.internal.navigator.CustomAndExpression.evaluate(CustomAndExpression.java:71)
	at org.eclipse.ui.internal.navigator.NavigatorPlugin$Evaluator.run(NavigatorPlugin.java:245)
	at org.eclipse.core.runtime.SafeRunner.run(SafeRunner.java:42)
	at org.eclipse.ui.internal.navigator.NavigatorPlugin.safeEvaluate(NavigatorPlugin.java:260)
	at org.eclipse.ui.internal.navigator.extensions.NavigatorContentDescriptor.isPossibleChild(NavigatorContentDescriptor.java:454)
	at org.eclipse.ui.internal.navigator.extensions.NavigatorContentDescriptorManager.findDescriptors(NavigatorContentDescriptorManager.java:236)
	at org.eclipse.ui.internal.navigator.extensions.NavigatorContentDescriptorManager.findDescriptorsForPossibleChild(NavigatorContentDescriptorManager.java:206)
	at org.eclipse.ui.internal.navigator.NavigatorContentService.findDescriptorsWithPossibleChild(NavigatorContentService.java:842)
	at org.eclipse.ui.internal.navigator.NavigatorContentService.findPossibleLabelExtensions(NavigatorContentService.java:457)
	at org.eclipse.ui.internal.navigator.NavigatorContentService.findRelevantLabelProviders(NavigatorContentService.java:496)
	at org.eclipse.ui.internal.navigator.NavigatorContentServiceLabelProvider.getBackground(NavigatorContentServiceLabelProvider.java:242)
	at org.eclipse.ui.internal.navigator.NavigatorDecoratingLabelProvider$StyledLabelProviderAdapter.getBackground(NavigatorDecoratingLabelProvider.java:109)
	at org.eclipse.jface.viewers.DelegatingStyledCellLabelProvider.getBackground(DelegatingStyledCellLabelProvider.java:153)
	at org.eclipse.jface.viewers.DecoratingStyledCellLabelProvider.getBackground(DecoratingStyledCellLabelProvider.java:154)
	at org.eclipse.jface.viewers.DelegatingStyledCellLabelProvider.update(DelegatingStyledCellLabelProvider.java:121)
	at org.eclipse.jface.viewers.DecoratingStyledCellLabelProvider.update(DecoratingStyledCellLabelProvider.java:134)
	at org.eclipse.jface.viewers.ViewerColumn.refresh(ViewerColumn.java:152)
	at org.eclipse.jface.viewers.AbstractTreeViewer.doUpdateItem(AbstractTreeViewer.java:953)
	at org.eclipse.jface.viewers.AbstractTreeViewer$UpdateItemSafeRunnable.run(AbstractTreeViewer.java:113)
	at org.eclipse.core.runtime.SafeRunner.run(SafeRunner.java:42)
	at org.eclipse.ui.internal.JFaceUtil$1.run(JFaceUtil.java:49)
	at org.eclipse.jface.util.SafeRunnable.run(SafeRunnable.java:175)
	at org.eclipse.jface.viewers.AbstractTreeViewer.doUpdateItem(AbstractTreeViewer.java:1033)
	at org.eclipse.ui.navigator.CommonViewer.doUpdateItem(CommonViewer.java:409)
	at org.eclipse.ui.internal.navigator.resources.ResourceToItemsMapper.updateItem(ResourceToItemsMapper.java:142)
	at org.eclipse.ui.internal.navigator.resources.ResourceToItemsMapper.objectChanged(ResourceToItemsMapper.java:131)
	at org.eclipse.ui.navigator.CommonViewer.handleLabelProviderChanged(CommonViewer.java:223)
	at org.eclipse.jface.viewers.ContentViewer$1.labelProviderChanged(ContentViewer.java:97)
	at org.eclipse.jface.viewers.BaseLabelProvider$1.run(BaseLabelProvider.java:74)
	at org.eclipse.core.runtime.SafeRunner.run(SafeRunner.java:42)
	at org.eclipse.ui.internal.JFaceUtil$1.run(JFaceUtil.java:49)
	at org.eclipse.jface.util.SafeRunnable.run(SafeRunnable.java:175)
	at org.eclipse.jface.viewers.BaseLabelProvider.fireLabelProviderChanged(BaseLabelProvider.java:72)
	at org.eclipse.jface.viewers.DecoratingStyledCellLabelProvider$1.labelProviderChanged(DecoratingStyledCellLabelProvider.java:77)
	at org.eclipse.ui.internal.decorators.DecoratorManager$1.run(DecoratorManager.java:430)
	at org.eclipse.core.runtime.SafeRunner.run(SafeRunner.java:42)
	at org.eclipse.ui.internal.decorators.DecoratorManager.fireListener(DecoratorManager.java:428)
	at org.eclipse.ui.internal.decorators.DecorationScheduler$3.runInUIThread(DecorationScheduler.java:529)
	at org.eclipse.ui.progress.UIJob$1.run(UIJob.java:95)
	at org.eclipse.swt.widgets.RunnableLock.run(RunnableLock.java:35)
	at org.eclipse.swt.widgets.Synchronizer.runAsyncMessages(Synchronizer.java:135)
	at org.eclipse.swt.widgets.Display.runAsyncMessages(Display.java:4140)
	at org.eclipse.swt.widgets.Display.readAndDispatch(Display.java:3757)
	at org.eclipse.ui.internal.Workbench.runEventLoop(Workbench.java:2701)
	at org.eclipse.ui.internal.Workbench.runUI(Workbench.java:2665)
	at org.eclipse.ui.internal.Workbench.access$4(Workbench.java:2499)
	at org.eclipse.ui.internal.Workbench$7.run(Workbench.java:679)
	at org.eclipse.core.databinding.observable.Realm.runWithDefault(Realm.java:332)
	at org.eclipse.ui.internal.Workbench.createAndRunWorkbench(Workbench.java:668)
	at org.eclipse.ui.PlatformUI.createAndRunWorkbench(PlatformUI.java:149)
	at org.eclipse.ui.internal.ide.application.IDEApplication.start(IDEApplication.java:124)
	at org.eclipse.equinox.internal.app.EclipseAppHandle.run(EclipseAppHandle.java:196)
	at org.eclipse.core.runtime.internal.adaptor.EclipseAppLauncher.runApplication(EclipseAppLauncher.java:110)
	at org.eclipse.core.runtime.internal.adaptor.EclipseAppLauncher.start(EclipseAppLauncher.java:79)
	at org.eclipse.core.runtime.adaptor.EclipseStarter.run(EclipseStarter.java:353)
	at org.eclipse.core.runtime.adaptor.EclipseStarter.run(EclipseStarter.java:180)
	at sun.reflect.NativeMethodAccessorImpl.invoke0(Native Method)
	at sun.reflect.NativeMethodAccessorImpl.invoke(Unknown Source)
	at sun.reflect.DelegatingMethodAccessorImpl.invoke(Unknown Source)
	at java.lang.reflect.Method.invoke(Unknown Source)
	at org.eclipse.equinox.launcher.Main.invokeFramework(Main.java:629)
	at org.eclipse.equinox.launcher.Main.basicRun(Main.java:584)
	at org.eclipse.equinox.launcher.Main.run(Main.java:1438)
!SUBENTRY 1 org.eclipse.core.resources 4 274 2013-04-17 09:22:34.404
!MESSAGE Resource is out of sync with the file system: '/Memory Game/LocalFiles/KeuzeMenu.html'.

!ENTRY org.eclipse.core.resources 4 1 2013-04-17 09:22:34.414
!MESSAGE Core exception while retrieving the content description
!STACK 1
org.eclipse.core.internal.resources.ResourceException: Resource is out of sync with the file system: '/Memory Game/LocalFiles/ChangeTheme.html'.
	at org.eclipse.core.internal.resources.File.getContentDescription(File.java:269)
	at org.eclipse.core.internal.propertytester.FilePropertyTester.testContentType(FilePropertyTester.java:108)
	at org.eclipse.core.internal.propertytester.FilePropertyTester.test(FilePropertyTester.java:60)
	at org.eclipse.core.internal.expressions.Property.test(Property.java:58)
	at org.eclipse.core.internal.expressions.TestExpression.evaluate(TestExpression.java:99)
	at org.eclipse.core.internal.expressions.CompositeExpression.evaluateAnd(CompositeExpression.java:53)
	at org.eclipse.core.internal.expressions.AndExpression.evaluate(AndExpression.java:29)
	at org.eclipse.core.internal.expressions.CompositeExpression.evaluateOr(CompositeExpression.java:68)
	at org.eclipse.core.internal.expressions.OrExpression.evaluate(OrExpression.java:21)
	at org.eclipse.ui.internal.navigator.NavigatorPlugin$Evaluator.run(NavigatorPlugin.java:245)
	at org.eclipse.core.runtime.SafeRunner.run(SafeRunner.java:42)
	at org.eclipse.ui.internal.navigator.CustomAndExpression.evaluate(CustomAndExpression.java:71)
	at org.eclipse.ui.internal.navigator.NavigatorPlugin$Evaluator.run(NavigatorPlugin.java:245)
	at org.eclipse.core.runtime.SafeRunner.run(SafeRunner.java:42)
	at org.eclipse.ui.internal.navigator.NavigatorPlugin.safeEvaluate(NavigatorPlugin.java:260)
	at org.eclipse.ui.internal.navigator.extensions.NavigatorContentDescriptor.isPossibleChild(NavigatorContentDescriptor.java:454)
	at org.eclipse.ui.internal.navigator.extensions.NavigatorContentDescriptorManager.findDescriptors(NavigatorContentDescriptorManager.java:236)
	at org.eclipse.ui.internal.navigator.extensions.NavigatorContentDescriptorManager.findDescriptorsForPossibleChild(NavigatorContentDescriptorManager.java:206)
	at org.eclipse.ui.internal.navigator.NavigatorContentService.findDescriptorsWithPossibleChild(NavigatorContentService.java:842)
	at org.eclipse.ui.internal.navigator.NavigatorContentService.findPossibleLabelExtensions(NavigatorContentService.java:457)
	at org.eclipse.ui.internal.navigator.NavigatorContentServiceLabelProvider.getStyledText(NavigatorContentServiceLabelProvider.java:145)
	at org.eclipse.ui.internal.navigator.NavigatorDecoratingLabelProvider$StyledLabelProviderAdapter.getStyledText(NavigatorDecoratingLabelProvider.java:68)
	at org.eclipse.jface.viewers.DelegatingStyledCellLabelProvider.getStyledText(DelegatingStyledCellLabelProvider.java:195)
	at org.eclipse.jface.viewers.DecoratingStyledCellLabelProvider.getStyledText(DecoratingStyledCellLabelProvider.java:192)
	at org.eclipse.jface.viewers.DelegatingStyledCellLabelProvider.update(DelegatingStyledCellLabelProvider.java:103)
	at org.eclipse.jface.viewers.DecoratingStyledCellLabelProvider.update(DecoratingStyledCellLabelProvider.java:134)
	at org.eclipse.jface.viewers.ViewerColumn.refresh(ViewerColumn.java:152)
	at org.eclipse.jface.viewers.AbstractTreeViewer.doUpdateItem(AbstractTreeViewer.java:953)
	at org.eclipse.jface.viewers.AbstractTreeViewer$UpdateItemSafeRunnable.run(AbstractTreeViewer.java:113)
	at org.eclipse.core.runtime.SafeRunner.run(SafeRunner.java:42)
	at org.eclipse.ui.internal.JFaceUtil$1.run(JFaceUtil.java:49)
	at org.eclipse.jface.util.SafeRunnable.run(SafeRunnable.java:175)
	at org.eclipse.jface.viewers.AbstractTreeViewer.doUpdateItem(AbstractTreeViewer.java:1033)
	at org.eclipse.ui.navigator.CommonViewer.doUpdateItem(CommonViewer.java:409)
	at org.eclipse.ui.internal.navigator.resources.ResourceToItemsMapper.updateItem(ResourceToItemsMapper.java:142)
	at org.eclipse.ui.internal.navigator.resources.ResourceToItemsMapper.objectChanged(ResourceToItemsMapper.java:131)
	at org.eclipse.ui.navigator.CommonViewer.handleLabelProviderChanged(CommonViewer.java:223)
	at org.eclipse.jface.viewers.ContentViewer$1.labelProviderChanged(ContentViewer.java:97)
	at org.eclipse.jface.viewers.BaseLabelProvider$1.run(BaseLabelProvider.java:74)
	at org.eclipse.core.runtime.SafeRunner.run(SafeRunner.java:42)
	at org.eclipse.ui.internal.JFaceUtil$1.run(JFaceUtil.java:49)
	at org.eclipse.jface.util.SafeRunnable.run(SafeRunnable.java:175)
	at org.eclipse.jface.viewers.BaseLabelProvider.fireLabelProviderChanged(BaseLabelProvider.java:72)
	at org.eclipse.jface.viewers.DecoratingStyledCellLabelProvider$1.labelProviderChanged(DecoratingStyledCellLabelProvider.java:77)
	at org.eclipse.ui.internal.decorators.DecoratorManager$1.run(DecoratorManager.java:430)
	at org.eclipse.core.runtime.SafeRunner.run(SafeRunner.java:42)
	at org.eclipse.ui.internal.decorators.DecoratorManager.fireListener(DecoratorManager.java:428)
	at org.eclipse.ui.internal.decorators.DecorationScheduler$3.runInUIThread(DecorationScheduler.java:529)
	at org.eclipse.ui.progress.UIJob$1.run(UIJob.java:95)
	at org.eclipse.swt.widgets.RunnableLock.run(RunnableLock.java:35)
	at org.eclipse.swt.widgets.Synchronizer.runAsyncMessages(Synchronizer.java:135)
	at org.eclipse.swt.widgets.Display.runAsyncMessages(Display.java:4140)
	at org.eclipse.swt.widgets.Display.readAndDispatch(Display.java:3757)
	at org.eclipse.ui.internal.Workbench.runEventLoop(Workbench.java:2701)
	at org.eclipse.ui.internal.Workbench.runUI(Workbench.java:2665)
	at org.eclipse.ui.internal.Workbench.access$4(Workbench.java:2499)
	at org.eclipse.ui.internal.Workbench$7.run(Workbench.java:679)
	at org.eclipse.core.databinding.observable.Realm.runWithDefault(Realm.java:332)
	at org.eclipse.ui.internal.Workbench.createAndRunWorkbench(Workbench.java:668)
	at org.eclipse.ui.PlatformUI.createAndRunWorkbench(PlatformUI.java:149)
	at org.eclipse.ui.internal.ide.application.IDEApplication.start(IDEApplication.java:124)
	at org.eclipse.equinox.internal.app.EclipseAppHandle.run(EclipseAppHandle.java:196)
	at org.eclipse.core.runtime.internal.adaptor.EclipseAppLauncher.runApplication(EclipseAppLauncher.java:110)
	at org.eclipse.core.runtime.internal.adaptor.EclipseAppLauncher.start(EclipseAppLauncher.java:79)
	at org.eclipse.core.runtime.adaptor.EclipseStarter.run(EclipseStarter.java:353)
	at org.eclipse.core.runtime.adaptor.EclipseStarter.run(EclipseStarter.java:180)
	at sun.reflect.NativeMethodAccessorImpl.invoke0(Native Method)
	at sun.reflect.NativeMethodAccessorImpl.invoke(Unknown Source)
	at sun.reflect.DelegatingMethodAccessorImpl.invoke(Unknown Source)
	at java.lang.reflect.Method.invoke(Unknown Source)
	at org.eclipse.equinox.launcher.Main.invokeFramework(Main.java:629)
	at org.eclipse.equinox.launcher.Main.basicRun(Main.java:584)
	at org.eclipse.equinox.launcher.Main.run(Main.java:1438)
!SUBENTRY 1 org.eclipse.core.resources 4 274 2013-04-17 09:22:34.414
!MESSAGE Resource is out of sync with the file system: '/Memory Game/LocalFiles/ChangeTheme.html'.

!ENTRY org.eclipse.core.resources 4 1 2013-04-17 09:22:34.414
!MESSAGE Core exception while retrieving the content description
!STACK 1
org.eclipse.core.internal.resources.ResourceException: Resource is out of sync with the file system: '/Memory Game/LocalFiles/ChangeTheme.html'.
	at org.eclipse.core.internal.resources.File.getContentDescription(File.java:269)
	at org.eclipse.core.internal.propertytester.FilePropertyTester.testContentType(FilePropertyTester.java:108)
	at org.eclipse.core.internal.propertytester.FilePropertyTester.test(FilePropertyTester.java:60)
	at org.eclipse.core.internal.expressions.Property.test(Property.java:58)
	at org.eclipse.core.internal.expressions.TestExpression.evaluate(TestExpression.java:99)
	at org.eclipse.core.internal.expressions.CompositeExpression.evaluateAnd(CompositeExpression.java:53)
	at org.eclipse.core.internal.expressions.AndExpression.evaluate(AndExpression.java:29)
	at org.eclipse.core.internal.expressions.CompositeExpression.evaluateOr(CompositeExpression.java:68)
	at org.eclipse.core.internal.expressions.OrExpression.evaluate(OrExpression.java:21)
	at org.eclipse.ui.internal.navigator.NavigatorPlugin$Evaluator.run(NavigatorPlugin.java:245)
	at org.eclipse.core.runtime.SafeRunner.run(SafeRunner.java:42)
	at org.eclipse.ui.internal.navigator.CustomAndExpression.evaluate(CustomAndExpression.java:71)
	at org.eclipse.ui.internal.navigator.NavigatorPlugin$Evaluator.run(NavigatorPlugin.java:245)
	at org.eclipse.core.runtime.SafeRunner.run(SafeRunner.java:42)
	at org.eclipse.ui.internal.navigator.NavigatorPlugin.safeEvaluate(NavigatorPlugin.java:260)
	at org.eclipse.ui.internal.navigator.extensions.NavigatorContentDescriptor.isPossibleChild(NavigatorContentDescriptor.java:454)
	at org.eclipse.ui.internal.navigator.extensions.NavigatorContentDescriptorManager.findDescriptors(NavigatorContentDescriptorManager.java:236)
	at org.eclipse.ui.internal.navigator.extensions.NavigatorContentDescriptorManager.findDescriptorsForPossibleChild(NavigatorContentDescriptorManager.java:206)
	at org.eclipse.ui.internal.navigator.NavigatorContentService.findDescriptorsWithPossibleChild(NavigatorContentService.java:842)
	at org.eclipse.ui.internal.navigator.NavigatorContentService.findPossibleLabelExtensions(NavigatorContentService.java:457)
	at org.eclipse.ui.internal.navigator.NavigatorContentServiceLabelProvider.getColumnImage(NavigatorContentServiceLabelProvider.java:102)
	at org.eclipse.ui.internal.navigator.NavigatorContentServiceLabelProvider.getImage(NavigatorContentServiceLabelProvider.java:98)
	at org.eclipse.ui.internal.navigator.NavigatorDecoratingLabelProvider$StyledLabelProviderAdapter.getImage(NavigatorDecoratingLabelProvider.java:60)
	at org.eclipse.jface.viewers.DelegatingStyledCellLabelProvider.getImage(DelegatingStyledCellLabelProvider.java:184)
	at org.eclipse.jface.viewers.DecoratingStyledCellLabelProvider.getImage(DecoratingStyledCellLabelProvider.java:167)
	at org.eclipse.jface.viewers.DelegatingStyledCellLabelProvider.update(DelegatingStyledCellLabelProvider.java:118)
	at org.eclipse.jface.viewers.DecoratingStyledCellLabelProvider.update(DecoratingStyledCellLabelProvider.java:134)
	at org.eclipse.jface.viewers.ViewerColumn.refresh(ViewerColumn.java:152)
	at org.eclipse.jface.viewers.AbstractTreeViewer.doUpdateItem(AbstractTreeViewer.java:953)
	at org.eclipse.jface.viewers.AbstractTreeViewer$UpdateItemSafeRunnable.run(AbstractTreeViewer.java:113)
	at org.eclipse.core.runtime.SafeRunner.run(SafeRunner.java:42)
	at org.eclipse.ui.internal.JFaceUtil$1.run(JFaceUtil.java:49)
	at org.eclipse.jface.util.SafeRunnable.run(SafeRunnable.java:175)
	at org.eclipse.jface.viewers.AbstractTreeViewer.doUpdateItem(AbstractTreeViewer.java:1033)
	at org.eclipse.ui.navigator.CommonViewer.doUpdateItem(CommonViewer.java:409)
	at org.eclipse.ui.internal.navigator.resources.ResourceToItemsMapper.updateItem(ResourceToItemsMapper.java:142)
	at org.eclipse.ui.internal.navigator.resources.ResourceToItemsMapper.objectChanged(ResourceToItemsMapper.java:131)
	at org.eclipse.ui.navigator.CommonViewer.handleLabelProviderChanged(CommonViewer.java:223)
	at org.eclipse.jface.viewers.ContentViewer$1.labelProviderChanged(ContentViewer.java:97)
	at org.eclipse.jface.viewers.BaseLabelProvider$1.run(BaseLabelProvider.java:74)
	at org.eclipse.core.runtime.SafeRunner.run(SafeRunner.java:42)
	at org.eclipse.ui.internal.JFaceUtil$1.run(JFaceUtil.java:49)
	at org.eclipse.jface.util.SafeRunnable.run(SafeRunnable.java:175)
	at org.eclipse.jface.viewers.BaseLabelProvider.fireLabelProviderChanged(BaseLabelProvider.java:72)
	at org.eclipse.jface.viewers.DecoratingStyledCellLabelProvider$1.labelProviderChanged(DecoratingStyledCellLabelProvider.java:77)
	at org.eclipse.ui.internal.decorators.DecoratorManager$1.run(DecoratorManager.java:430)
	at org.eclipse.core.runtime.SafeRunner.run(SafeRunner.java:42)
	at org.eclipse.ui.internal.decorators.DecoratorManager.fireListener(DecoratorManager.java:428)
	at org.eclipse.ui.internal.decorators.DecorationScheduler$3.runInUIThread(DecorationScheduler.java:529)
	at org.eclipse.ui.progress.UIJob$1.run(UIJob.java:95)
	at org.eclipse.swt.widgets.RunnableLock.run(RunnableLock.java:35)
	at org.eclipse.swt.widgets.Synchronizer.runAsyncMessages(Synchronizer.java:135)
	at org.eclipse.swt.widgets.Display.runAsyncMessages(Display.java:4140)
	at org.eclipse.swt.widgets.Display.readAndDispatch(Display.java:3757)
	at org.eclipse.ui.internal.Workbench.runEventLoop(Workbench.java:2701)
	at org.eclipse.ui.internal.Workbench.runUI(Workbench.java:2665)
	at org.eclipse.ui.internal.Workbench.access$4(Workbench.java:2499)
	at org.eclipse.ui.internal.Workbench$7.run(Workbench.java:679)
	at org.eclipse.core.databinding.observable.Realm.runWithDefault(Realm.java:332)
	at org.eclipse.ui.internal.Workbench.createAndRunWorkbench(Workbench.java:668)
	at org.eclipse.ui.PlatformUI.createAndRunWorkbench(PlatformUI.java:149)
	at org.eclipse.ui.internal.ide.application.IDEApplication.start(IDEApplication.java:124)
	at org.eclipse.equinox.internal.app.EclipseAppHandle.run(EclipseAppHandle.java:196)
	at org.eclipse.core.runtime.internal.adaptor.EclipseAppLauncher.runApplication(EclipseAppLauncher.java:110)
	at org.eclipse.core.runtime.internal.adaptor.EclipseAppLauncher.start(EclipseAppLauncher.java:79)
	at org.eclipse.core.runtime.adaptor.EclipseStarter.run(EclipseStarter.java:353)
	at org.eclipse.core.runtime.adaptor.EclipseStarter.run(EclipseStarter.java:180)
	at sun.reflect.NativeMethodAccessorImpl.invoke0(Native Method)
	at sun.reflect.NativeMethodAccessorImpl.invoke(Unknown Source)
	at sun.reflect.DelegatingMethodAccessorImpl.invoke(Unknown Source)
	at java.lang.reflect.Method.invoke(Unknown Source)
	at org.eclipse.equinox.launcher.Main.invokeFramework(Main.java:629)
	at org.eclipse.equinox.launcher.Main.basicRun(Main.java:584)
	at org.eclipse.equinox.launcher.Main.run(Main.java:1438)
!SUBENTRY 1 org.eclipse.core.resources 4 274 2013-04-17 09:22:34.414
!MESSAGE Resource is out of sync with the file system: '/Memory Game/LocalFiles/ChangeTheme.html'.

!ENTRY org.eclipse.core.resources 4 1 2013-04-17 09:22:34.414
!MESSAGE Core exception while retrieving the content description
!STACK 1
org.eclipse.core.internal.resources.ResourceException: Resource is out of sync with the file system: '/Memory Game/LocalFiles/ChangeTheme.html'.
	at org.eclipse.core.internal.resources.File.getContentDescription(File.java:269)
	at org.eclipse.core.internal.propertytester.FilePropertyTester.testContentType(FilePropertyTester.java:108)
	at org.eclipse.core.internal.propertytester.FilePropertyTester.test(FilePropertyTester.java:60)
	at org.eclipse.core.internal.expressions.Property.test(Property.java:58)
	at org.eclipse.core.internal.expressions.TestExpression.evaluate(TestExpression.java:99)
	at org.eclipse.core.internal.expressions.CompositeExpression.evaluateAnd(CompositeExpression.java:53)
	at org.eclipse.core.internal.expressions.AndExpression.evaluate(AndExpression.java:29)
	at org.eclipse.core.internal.expressions.CompositeExpression.evaluateOr(CompositeExpression.java:68)
	at org.eclipse.core.internal.expressions.OrExpression.evaluate(OrExpression.java:21)
	at org.eclipse.ui.internal.navigator.NavigatorPlugin$Evaluator.run(NavigatorPlugin.java:245)
	at org.eclipse.core.runtime.SafeRunner.run(SafeRunner.java:42)
	at org.eclipse.ui.internal.navigator.CustomAndExpression.evaluate(CustomAndExpression.java:71)
	at org.eclipse.ui.internal.navigator.NavigatorPlugin$Evaluator.run(NavigatorPlugin.java:245)
	at org.eclipse.core.runtime.SafeRunner.run(SafeRunner.java:42)
	at org.eclipse.ui.internal.navigator.NavigatorPlugin.safeEvaluate(NavigatorPlugin.java:260)
	at org.eclipse.ui.internal.navigator.extensions.NavigatorContentDescriptor.isPossibleChild(NavigatorContentDescriptor.java:454)
	at org.eclipse.ui.internal.navigator.extensions.NavigatorContentDescriptorManager.findDescriptors(NavigatorContentDescriptorManager.java:236)
	at org.eclipse.ui.internal.navigator.extensions.NavigatorContentDescriptorManager.findDescriptorsForPossibleChild(NavigatorContentDescriptorManager.java:206)
	at org.eclipse.ui.internal.navigator.NavigatorContentService.findDescriptorsWithPossibleChild(NavigatorContentService.java:842)
	at org.eclipse.ui.internal.navigator.NavigatorContentService.findPossibleLabelExtensions(NavigatorContentService.java:457)
	at org.eclipse.ui.internal.navigator.NavigatorContentService.findRelevantLabelProviders(NavigatorContentService.java:496)
	at org.eclipse.ui.internal.navigator.NavigatorContentServiceLabelProvider.getFont(NavigatorContentServiceLabelProvider.java:206)
	at org.eclipse.ui.internal.navigator.NavigatorDecoratingLabelProvider$StyledLabelProviderAdapter.getFont(NavigatorDecoratingLabelProvider.java:129)
	at org.eclipse.jface.viewers.DelegatingStyledCellLabelProvider.getFont(DelegatingStyledCellLabelProvider.java:168)
	at org.eclipse.jface.viewers.DecoratingStyledCellLabelProvider.getFont(DecoratingStyledCellLabelProvider.java:163)
	at org.eclipse.jface.viewers.DelegatingStyledCellLabelProvider.update(DelegatingStyledCellLabelProvider.java:119)
	at org.eclipse.jface.viewers.DecoratingStyledCellLabelProvider.update(DecoratingStyledCellLabelProvider.java:134)
	at org.eclipse.jface.viewers.ViewerColumn.refresh(ViewerColumn.java:152)
	at org.eclipse.jface.viewers.AbstractTreeViewer.doUpdateItem(AbstractTreeViewer.java:953)
	at org.eclipse.jface.viewers.AbstractTreeViewer$UpdateItemSafeRunnable.run(AbstractTreeViewer.java:113)
	at org.eclipse.core.runtime.SafeRunner.run(SafeRunner.java:42)
	at org.eclipse.ui.internal.JFaceUtil$1.run(JFaceUtil.java:49)
	at org.eclipse.jface.util.SafeRunnable.run(SafeRunnable.java:175)
	at org.eclipse.jface.viewers.AbstractTreeViewer.doUpdateItem(AbstractTreeViewer.java:1033)
	at org.eclipse.ui.navigator.CommonViewer.doUpdateItem(CommonViewer.java:409)
	at org.eclipse.ui.internal.navigator.resources.ResourceToItemsMapper.updateItem(ResourceToItemsMapper.java:142)
	at org.eclipse.ui.internal.navigator.resources.ResourceToItemsMapper.objectChanged(ResourceToItemsMapper.java:131)
	at org.eclipse.ui.navigator.CommonViewer.handleLabelProviderChanged(CommonViewer.java:223)
	at org.eclipse.jface.viewers.ContentViewer$1.labelProviderChanged(ContentViewer.java:97)
	at org.eclipse.jface.viewers.BaseLabelProvider$1.run(BaseLabelProvider.java:74)
	at org.eclipse.core.runtime.SafeRunner.run(SafeRunner.java:42)
	at org.eclipse.ui.internal.JFaceUtil$1.run(JFaceUtil.java:49)
	at org.eclipse.jface.util.SafeRunnable.run(SafeRunnable.java:175)
	at org.eclipse.jface.viewers.BaseLabelProvider.fireLabelProviderChanged(BaseLabelProvider.java:72)
	at org.eclipse.jface.viewers.DecoratingStyledCellLabelProvider$1.labelProviderChanged(DecoratingStyledCellLabelProvider.java:77)
	at org.eclipse.ui.internal.decorators.DecoratorManager$1.run(DecoratorManager.java:430)
	at org.eclipse.core.runtime.SafeRunner.run(SafeRunner.java:42)
	at org.eclipse.ui.internal.decorators.DecoratorManager.fireListener(DecoratorManager.java:428)
	at org.eclipse.ui.internal.decorators.DecorationScheduler$3.runInUIThread(DecorationScheduler.java:529)
	at org.eclipse.ui.progress.UIJob$1.run(UIJob.java:95)
	at org.eclipse.swt.widgets.RunnableLock.run(RunnableLock.java:35)
	at org.eclipse.swt.widgets.Synchronizer.runAsyncMessages(Synchronizer.java:135)
	at org.eclipse.swt.widgets.Display.runAsyncMessages(Display.java:4140)
	at org.eclipse.swt.widgets.Display.readAndDispatch(Display.java:3757)
	at org.eclipse.ui.internal.Workbench.runEventLoop(Workbench.java:2701)
	at org.eclipse.ui.internal.Workbench.runUI(Workbench.java:2665)
	at org.eclipse.ui.internal.Workbench.access$4(Workbench.java:2499)
	at org.eclipse.ui.internal.Workbench$7.run(Workbench.java:679)
	at org.eclipse.core.databinding.observable.Realm.runWithDefault(Realm.java:332)
	at org.eclipse.ui.internal.Workbench.createAndRunWorkbench(Workbench.java:668)
	at org.eclipse.ui.PlatformUI.createAndRunWorkbench(PlatformUI.java:149)
	at org.eclipse.ui.internal.ide.application.IDEApplication.start(IDEApplication.java:124)
	at org.eclipse.equinox.internal.app.EclipseAppHandle.run(EclipseAppHandle.java:196)
	at org.eclipse.core.runtime.internal.adaptor.EclipseAppLauncher.runApplication(EclipseAppLauncher.java:110)
	at org.eclipse.core.runtime.internal.adaptor.EclipseAppLauncher.start(EclipseAppLauncher.java:79)
	at org.eclipse.core.runtime.adaptor.EclipseStarter.run(EclipseStarter.java:353)
	at org.eclipse.core.runtime.adaptor.EclipseStarter.run(EclipseStarter.java:180)
	at sun.reflect.NativeMethodAccessorImpl.invoke0(Native Method)
	at sun.reflect.NativeMethodAccessorImpl.invoke(Unknown Source)
	at sun.reflect.DelegatingMethodAccessorImpl.invoke(Unknown Source)
	at java.lang.reflect.Method.invoke(Unknown Source)
	at org.eclipse.equinox.launcher.Main.invokeFramework(Main.java:629)
	at org.eclipse.equinox.launcher.Main.basicRun(Main.java:584)
	at org.eclipse.equinox.launcher.Main.run(Main.java:1438)
!SUBENTRY 1 org.eclipse.core.resources 4 274 2013-04-17 09:22:34.414
!MESSAGE Resource is out of sync with the file system: '/Memory Game/LocalFiles/ChangeTheme.html'.

!ENTRY org.eclipse.core.resources 4 1 2013-04-17 09:22:34.414
!MESSAGE Core exception while retrieving the content description
!STACK 1
org.eclipse.core.internal.resources.ResourceException: Resource is out of sync with the file system: '/Memory Game/LocalFiles/ChangeTheme.html'.
	at org.eclipse.core.internal.resources.File.getContentDescription(File.java:269)
	at org.eclipse.core.internal.propertytester.FilePropertyTester.testContentType(FilePropertyTester.java:108)
	at org.eclipse.core.internal.propertytester.FilePropertyTester.test(FilePropertyTester.java:60)
	at org.eclipse.core.internal.expressions.Property.test(Property.java:58)
	at org.eclipse.core.internal.expressions.TestExpression.evaluate(TestExpression.java:99)
	at org.eclipse.core.internal.expressions.CompositeExpression.evaluateAnd(CompositeExpression.java:53)
	at org.eclipse.core.internal.expressions.AndExpression.evaluate(AndExpression.java:29)
	at org.eclipse.core.internal.expressions.CompositeExpression.evaluateOr(CompositeExpression.java:68)
	at org.eclipse.core.internal.expressions.OrExpression.evaluate(OrExpression.java:21)
	at org.eclipse.ui.internal.navigator.NavigatorPlugin$Evaluator.run(NavigatorPlugin.java:245)
	at org.eclipse.core.runtime.SafeRunner.run(SafeRunner.java:42)
	at org.eclipse.ui.internal.navigator.CustomAndExpression.evaluate(CustomAndExpression.java:71)
	at org.eclipse.ui.internal.navigator.NavigatorPlugin$Evaluator.run(NavigatorPlugin.java:245)
	at org.eclipse.core.runtime.SafeRunner.run(SafeRunner.java:42)
	at org.eclipse.ui.internal.navigator.NavigatorPlugin.safeEvaluate(NavigatorPlugin.java:260)
	at org.eclipse.ui.internal.navigator.extensions.NavigatorContentDescriptor.isPossibleChild(NavigatorContentDescriptor.java:454)
	at org.eclipse.ui.internal.navigator.extensions.NavigatorContentDescriptorManager.findDescriptors(NavigatorContentDescriptorManager.java:236)
	at org.eclipse.ui.internal.navigator.extensions.NavigatorContentDescriptorManager.findDescriptorsForPossibleChild(NavigatorContentDescriptorManager.java:206)
	at org.eclipse.ui.internal.navigator.NavigatorContentService.findDescriptorsWithPossibleChild(NavigatorContentService.java:842)
	at org.eclipse.ui.internal.navigator.NavigatorContentService.findPossibleLabelExtensions(NavigatorContentService.java:457)
	at org.eclipse.ui.internal.navigator.NavigatorContentService.findRelevantLabelProviders(NavigatorContentService.java:496)
	at org.eclipse.ui.internal.navigator.NavigatorContentServiceLabelProvider.getForeground(NavigatorContentServiceLabelProvider.java:224)
	at org.eclipse.ui.internal.navigator.NavigatorDecoratingLabelProvider$StyledLabelProviderAdapter.getForeground(NavigatorDecoratingLabelProvider.java:119)
	at org.eclipse.jface.viewers.DelegatingStyledCellLabelProvider.getForeground(DelegatingStyledCellLabelProvider.java:137)
	at org.eclipse.jface.viewers.DecoratingStyledCellLabelProvider.getForeground(DecoratingStyledCellLabelProvider.java:144)
	at org.eclipse.jface.viewers.DelegatingStyledCellLabelProvider.update(DelegatingStyledCellLabelProvider.java:120)
	at org.eclipse.jface.viewers.DecoratingStyledCellLabelProvider.update(DecoratingStyledCellLabelProvider.java:134)
	at org.eclipse.jface.viewers.ViewerColumn.refresh(ViewerColumn.java:152)
	at org.eclipse.jface.viewers.AbstractTreeViewer.doUpdateItem(AbstractTreeViewer.java:953)
	at org.eclipse.jface.viewers.AbstractTreeViewer$UpdateItemSafeRunnable.run(AbstractTreeViewer.java:113)
	at org.eclipse.core.runtime.SafeRunner.run(SafeRunner.java:42)
	at org.eclipse.ui.internal.JFaceUtil$1.run(JFaceUtil.java:49)
	at org.eclipse.jface.util.SafeRunnable.run(SafeRunnable.java:175)
	at org.eclipse.jface.viewers.AbstractTreeViewer.doUpdateItem(AbstractTreeViewer.java:1033)
	at org.eclipse.ui.navigator.CommonViewer.doUpdateItem(CommonViewer.java:409)
	at org.eclipse.ui.internal.navigator.resources.ResourceToItemsMapper.updateItem(ResourceToItemsMapper.java:142)
	at org.eclipse.ui.internal.navigator.resources.ResourceToItemsMapper.objectChanged(ResourceToItemsMapper.java:131)
	at org.eclipse.ui.navigator.CommonViewer.handleLabelProviderChanged(CommonViewer.java:223)
	at org.eclipse.jface.viewers.ContentViewer$1.labelProviderChanged(ContentViewer.java:97)
	at org.eclipse.jface.viewers.BaseLabelProvider$1.run(BaseLabelProvider.java:74)
	at org.eclipse.core.runtime.SafeRunner.run(SafeRunner.java:42)
	at org.eclipse.ui.internal.JFaceUtil$1.run(JFaceUtil.java:49)
	at org.eclipse.jface.util.SafeRunnable.run(SafeRunnable.java:175)
	at org.eclipse.jface.viewers.BaseLabelProvider.fireLabelProviderChanged(BaseLabelProvider.java:72)
	at org.eclipse.jface.viewers.DecoratingStyledCellLabelProvider$1.labelProviderChanged(DecoratingStyledCellLabelProvider.java:77)
	at org.eclipse.ui.internal.decorators.DecoratorManager$1.run(DecoratorManager.java:430)
	at org.eclipse.core.runtime.SafeRunner.run(SafeRunner.java:42)
	at org.eclipse.ui.internal.decorators.DecoratorManager.fireListener(DecoratorManager.java:428)
	at org.eclipse.ui.internal.decorators.DecorationScheduler$3.runInUIThread(DecorationScheduler.java:529)
	at org.eclipse.ui.progress.UIJob$1.run(UIJob.java:95)
	at org.eclipse.swt.widgets.RunnableLock.run(RunnableLock.java:35)
	at org.eclipse.swt.widgets.Synchronizer.runAsyncMessages(Synchronizer.java:135)
	at org.eclipse.swt.widgets.Display.runAsyncMessages(Display.java:4140)
	at org.eclipse.swt.widgets.Display.readAndDispatch(Display.java:3757)
	at org.eclipse.ui.internal.Workbench.runEventLoop(Workbench.java:2701)
	at org.eclipse.ui.internal.Workbench.runUI(Workbench.java:2665)
	at org.eclipse.ui.internal.Workbench.access$4(Workbench.java:2499)
	at org.eclipse.ui.internal.Workbench$7.run(Workbench.java:679)
	at org.eclipse.core.databinding.observable.Realm.runWithDefault(Realm.java:332)
	at org.eclipse.ui.internal.Workbench.createAndRunWorkbench(Workbench.java:668)
	at org.eclipse.ui.PlatformUI.createAndRunWorkbench(PlatformUI.java:149)
	at org.eclipse.ui.internal.ide.application.IDEApplication.start(IDEApplication.java:124)
	at org.eclipse.equinox.internal.app.EclipseAppHandle.run(EclipseAppHandle.java:196)
	at org.eclipse.core.runtime.internal.adaptor.EclipseAppLauncher.runApplication(EclipseAppLauncher.java:110)
	at org.eclipse.core.runtime.internal.adaptor.EclipseAppLauncher.start(EclipseAppLauncher.java:79)
	at org.eclipse.core.runtime.adaptor.EclipseStarter.run(EclipseStarter.java:353)
	at org.eclipse.core.runtime.adaptor.EclipseStarter.run(EclipseStarter.java:180)
	at sun.reflect.NativeMethodAccessorImpl.invoke0(Native Method)
	at sun.reflect.NativeMethodAccessorImpl.invoke(Unknown Source)
	at sun.reflect.DelegatingMethodAccessorImpl.invoke(Unknown Source)
	at java.lang.reflect.Method.invoke(Unknown Source)
	at org.eclipse.equinox.launcher.Main.invokeFramework(Main.java:629)
	at org.eclipse.equinox.launcher.Main.basicRun(Main.java:584)
	at org.eclipse.equinox.launcher.Main.run(Main.java:1438)
!SUBENTRY 1 org.eclipse.core.resources 4 274 2013-04-17 09:22:34.414
!MESSAGE Resource is out of sync with the file system: '/Memory Game/LocalFiles/ChangeTheme.html'.

!ENTRY org.eclipse.core.resources 4 1 2013-04-17 09:22:34.424
!MESSAGE Core exception while retrieving the content description
!STACK 1
org.eclipse.core.internal.resources.ResourceException: Resource is out of sync with the file system: '/Memory Game/LocalFiles/ChangeTheme.html'.
	at org.eclipse.core.internal.resources.File.getContentDescription(File.java:269)
	at org.eclipse.core.internal.propertytester.FilePropertyTester.testContentType(FilePropertyTester.java:108)
	at org.eclipse.core.internal.propertytester.FilePropertyTester.test(FilePropertyTester.java:60)
	at org.eclipse.core.internal.expressions.Property.test(Property.java:58)
	at org.eclipse.core.internal.expressions.TestExpression.evaluate(TestExpression.java:99)
	at org.eclipse.core.internal.expressions.CompositeExpression.evaluateAnd(CompositeExpression.java:53)
	at org.eclipse.core.internal.expressions.AndExpression.evaluate(AndExpression.java:29)
	at org.eclipse.core.internal.expressions.CompositeExpression.evaluateOr(CompositeExpression.java:68)
	at org.eclipse.core.internal.expressions.OrExpression.evaluate(OrExpression.java:21)
	at org.eclipse.ui.internal.navigator.NavigatorPlugin$Evaluator.run(NavigatorPlugin.java:245)
	at org.eclipse.core.runtime.SafeRunner.run(SafeRunner.java:42)
	at org.eclipse.ui.internal.navigator.CustomAndExpression.evaluate(CustomAndExpression.java:71)
	at org.eclipse.ui.internal.navigator.NavigatorPlugin$Evaluator.run(NavigatorPlugin.java:245)
	at org.eclipse.core.runtime.SafeRunner.run(SafeRunner.java:42)
	at org.eclipse.ui.internal.navigator.NavigatorPlugin.safeEvaluate(NavigatorPlugin.java:260)
	at org.eclipse.ui.internal.navigator.extensions.NavigatorContentDescriptor.isPossibleChild(NavigatorContentDescriptor.java:454)
	at org.eclipse.ui.internal.navigator.extensions.NavigatorContentDescriptorManager.findDescriptors(NavigatorContentDescriptorManager.java:236)
	at org.eclipse.ui.internal.navigator.extensions.NavigatorContentDescriptorManager.findDescriptorsForPossibleChild(NavigatorContentDescriptorManager.java:206)
	at org.eclipse.ui.internal.navigator.NavigatorContentService.findDescriptorsWithPossibleChild(NavigatorContentService.java:842)
	at org.eclipse.ui.internal.navigator.NavigatorContentService.findPossibleLabelExtensions(NavigatorContentService.java:457)
	at org.eclipse.ui.internal.navigator.NavigatorContentService.findRelevantLabelProviders(NavigatorContentService.java:496)
	at org.eclipse.ui.internal.navigator.NavigatorContentServiceLabelProvider.getBackground(NavigatorContentServiceLabelProvider.java:242)
	at org.eclipse.ui.internal.navigator.NavigatorDecoratingLabelProvider$StyledLabelProviderAdapter.getBackground(NavigatorDecoratingLabelProvider.java:109)
	at org.eclipse.jface.viewers.DelegatingStyledCellLabelProvider.getBackground(DelegatingStyledCellLabelProvider.java:153)
	at org.eclipse.jface.viewers.DecoratingStyledCellLabelProvider.getBackground(DecoratingStyledCellLabelProvider.java:154)
	at org.eclipse.jface.viewers.DelegatingStyledCellLabelProvider.update(DelegatingStyledCellLabelProvider.java:121)
	at org.eclipse.jface.viewers.DecoratingStyledCellLabelProvider.update(DecoratingStyledCellLabelProvider.java:134)
	at org.eclipse.jface.viewers.ViewerColumn.refresh(ViewerColumn.java:152)
	at org.eclipse.jface.viewers.AbstractTreeViewer.doUpdateItem(AbstractTreeViewer.java:953)
	at org.eclipse.jface.viewers.AbstractTreeViewer$UpdateItemSafeRunnable.run(AbstractTreeViewer.java:113)
	at org.eclipse.core.runtime.SafeRunner.run(SafeRunner.java:42)
	at org.eclipse.ui.internal.JFaceUtil$1.run(JFaceUtil.java:49)
	at org.eclipse.jface.util.SafeRunnable.run(SafeRunnable.java:175)
	at org.eclipse.jface.viewers.AbstractTreeViewer.doUpdateItem(AbstractTreeViewer.java:1033)
	at org.eclipse.ui.navigator.CommonViewer.doUpdateItem(CommonViewer.java:409)
	at org.eclipse.ui.internal.navigator.resources.ResourceToItemsMapper.updateItem(ResourceToItemsMapper.java:142)
	at org.eclipse.ui.internal.navigator.resources.ResourceToItemsMapper.objectChanged(ResourceToItemsMapper.java:131)
	at org.eclipse.ui.navigator.CommonViewer.handleLabelProviderChanged(CommonViewer.java:223)
	at org.eclipse.jface.viewers.ContentViewer$1.labelProviderChanged(ContentViewer.java:97)
	at org.eclipse.jface.viewers.BaseLabelProvider$1.run(BaseLabelProvider.java:74)
	at org.eclipse.core.runtime.SafeRunner.run(SafeRunner.java:42)
	at org.eclipse.ui.internal.JFaceUtil$1.run(JFaceUtil.java:49)
	at org.eclipse.jface.util.SafeRunnable.run(SafeRunnable.java:175)
	at org.eclipse.jface.viewers.BaseLabelProvider.fireLabelProviderChanged(BaseLabelProvider.java:72)
	at org.eclipse.jface.viewers.DecoratingStyledCellLabelProvider$1.labelProviderChanged(DecoratingStyledCellLabelProvider.java:77)
	at org.eclipse.ui.internal.decorators.DecoratorManager$1.run(DecoratorManager.java:430)
	at org.eclipse.core.runtime.SafeRunner.run(SafeRunner.java:42)
	at org.eclipse.ui.internal.decorators.DecoratorManager.fireListener(DecoratorManager.java:428)
	at org.eclipse.ui.internal.decorators.DecorationScheduler$3.runInUIThread(DecorationScheduler.java:529)
	at org.eclipse.ui.progress.UIJob$1.run(UIJob.java:95)
	at org.eclipse.swt.widgets.RunnableLock.run(RunnableLock.java:35)
	at org.eclipse.swt.widgets.Synchronizer.runAsyncMessages(Synchronizer.java:135)
	at org.eclipse.swt.widgets.Display.runAsyncMessages(Display.java:4140)
	at org.eclipse.swt.widgets.Display.readAndDispatch(Display.java:3757)
	at org.eclipse.ui.internal.Workbench.runEventLoop(Workbench.java:2701)
	at org.eclipse.ui.internal.Workbench.runUI(Workbench.java:2665)
	at org.eclipse.ui.internal.Workbench.access$4(Workbench.java:2499)
	at org.eclipse.ui.internal.Workbench$7.run(Workbench.java:679)
	at org.eclipse.core.databinding.observable.Realm.runWithDefault(Realm.java:332)
	at org.eclipse.ui.internal.Workbench.createAndRunWorkbench(Workbench.java:668)
	at org.eclipse.ui.PlatformUI.createAndRunWorkbench(PlatformUI.java:149)
	at org.eclipse.ui.internal.ide.application.IDEApplication.start(IDEApplication.java:124)
	at org.eclipse.equinox.internal.app.EclipseAppHandle.run(EclipseAppHandle.java:196)
	at org.eclipse.core.runtime.internal.adaptor.EclipseAppLauncher.runApplication(EclipseAppLauncher.java:110)
	at org.eclipse.core.runtime.internal.adaptor.EclipseAppLauncher.start(EclipseAppLauncher.java:79)
	at org.eclipse.core.runtime.adaptor.EclipseStarter.run(EclipseStarter.java:353)
	at org.eclipse.core.runtime.adaptor.EclipseStarter.run(EclipseStarter.java:180)
	at sun.reflect.NativeMethodAccessorImpl.invoke0(Native Method)
	at sun.reflect.NativeMethodAccessorImpl.invoke(Unknown Source)
	at sun.reflect.DelegatingMethodAccessorImpl.invoke(Unknown Source)
	at java.lang.reflect.Method.invoke(Unknown Source)
	at org.eclipse.equinox.launcher.Main.invokeFramework(Main.java:629)
	at org.eclipse.equinox.launcher.Main.basicRun(Main.java:584)
	at org.eclipse.equinox.launcher.Main.run(Main.java:1438)
!SUBENTRY 1 org.eclipse.core.resources 4 274 2013-04-17 09:22:34.424
!MESSAGE Resource is out of sync with the file system: '/Memory Game/LocalFiles/ChangeTheme.html'.

!ENTRY org.eclipse.core.resources 4 2 2013-04-17 09:23:03.128
!MESSAGE Problems occurred when invoking code from plug-in: "org.eclipse.core.resources".
!STACK 0
java.lang.ArrayIndexOutOfBoundsException: 11
	at org.eclipse.wst.jsdt.internal.compiler.ast.CaseStatement.resolveCase(CaseStatement.java:82)
	at org.eclipse.wst.jsdt.internal.compiler.ast.SwitchStatement.resolve(SwitchStatement.java:156)
	at org.eclipse.wst.jsdt.internal.compiler.ast.AbstractMethodDeclaration.resolveStatements(AbstractMethodDeclaration.java:350)
	at org.eclipse.wst.jsdt.internal.compiler.ast.MethodDeclaration.resolveStatements(MethodDeclaration.java:137)
	at org.eclipse.wst.jsdt.internal.compiler.ast.AbstractMethodDeclaration.resolve(AbstractMethodDeclaration.java:304)
	at org.eclipse.wst.jsdt.internal.compiler.ast.AbstractMethodDeclaration.resolve(AbstractMethodDeclaration.java:375)
	at org.eclipse.wst.jsdt.internal.compiler.ast.FunctionExpression.resolveType(FunctionExpression.java:58)
	at org.eclipse.wst.jsdt.internal.compiler.ast.ObjectLiteralField.resolveType(ObjectLiteralField.java:70)
	at org.eclipse.wst.jsdt.internal.compiler.ast.ObjectLiteral.resolveType(ObjectLiteral.java:80)
	at org.eclipse.wst.jsdt.internal.compiler.ast.MessageSend.resolveType(MessageSend.java:279)
	at org.eclipse.wst.jsdt.internal.compiler.ast.Expression.resolve(Expression.java:477)
	at org.eclipse.wst.jsdt.internal.compiler.ast.AbstractMethodDeclaration.resolveStatements(AbstractMethodDeclaration.java:350)
	at org.eclipse.wst.jsdt.internal.compiler.ast.MethodDeclaration.resolveStatements(MethodDeclaration.java:137)
	at org.eclipse.wst.jsdt.internal.compiler.ast.AbstractMethodDeclaration.resolve(AbstractMethodDeclaration.java:304)
	at org.eclipse.wst.jsdt.internal.compiler.ast.AbstractMethodDeclaration.resolve(AbstractMethodDeclaration.java:375)
	at org.eclipse.wst.jsdt.internal.compiler.ast.FunctionExpression.resolveType(FunctionExpression.java:58)
	at org.eclipse.wst.jsdt.internal.compiler.ast.MessageSend.resolveType(MessageSend.java:267)
	at org.eclipse.wst.jsdt.internal.compiler.ast.Expression.resolve(Expression.java:477)
	at org.eclipse.wst.jsdt.internal.compiler.ast.AbstractMethodDeclaration.resolveStatements(AbstractMethodDeclaration.java:350)
	at org.eclipse.wst.jsdt.internal.compiler.ast.MethodDeclaration.resolveStatements(MethodDeclaration.java:137)
	at org.eclipse.wst.jsdt.internal.compiler.ast.AbstractMethodDeclaration.resolve(AbstractMethodDeclaration.java:304)
	at org.eclipse.wst.jsdt.internal.compiler.ast.AbstractMethodDeclaration.resolve(AbstractMethodDeclaration.java:375)
	at org.eclipse.wst.jsdt.internal.compiler.ast.FunctionExpression.resolveType(FunctionExpression.java:58)
	at org.eclipse.wst.jsdt.internal.compiler.ast.MessageSend.resolveType(MessageSend.java:279)
	at org.eclipse.wst.jsdt.internal.compiler.ast.Expression.resolve(Expression.java:477)
	at org.eclipse.wst.jsdt.internal.compiler.ast.CompilationUnitDeclaration.resolve(CompilationUnitDeclaration.java:394)
	at org.eclipse.wst.jsdt.internal.compiler.Compiler.process(Compiler.java:604)
	at org.eclipse.wst.jsdt.internal.compiler.Compiler.compile(Compiler.java:356)
	at org.eclipse.wst.jsdt.internal.core.builder.AbstractImageBuilder.compile(AbstractImageBuilder.java:288)
	at org.eclipse.wst.jsdt.internal.core.builder.BatchImageBuilder.compile(BatchImageBuilder.java:86)
	at org.eclipse.wst.jsdt.internal.core.builder.AbstractImageBuilder.compile(AbstractImageBuilder.java:227)
	at org.eclipse.wst.jsdt.internal.core.builder.BatchImageBuilder.build(BatchImageBuilder.java:58)
	at org.eclipse.wst.jsdt.internal.core.builder.JavaBuilder.buildAll(JavaBuilder.java:291)
	at org.eclipse.wst.jsdt.internal.core.builder.JavaBuilder.build(JavaBuilder.java:194)
	at org.eclipse.core.internal.events.BuildManager$2.run(BuildManager.java:728)
	at org.eclipse.core.runtime.SafeRunner.run(SafeRunner.java:42)
	at org.eclipse.core.internal.events.BuildManager.basicBuild(BuildManager.java:199)
	at org.eclipse.core.internal.events.BuildManager.basicBuild(BuildManager.java:239)
	at org.eclipse.core.internal.events.BuildManager$1.run(BuildManager.java:292)
	at org.eclipse.core.runtime.SafeRunner.run(SafeRunner.java:42)
	at org.eclipse.core.internal.events.BuildManager.basicBuild(BuildManager.java:295)
	at org.eclipse.core.internal.events.BuildManager.basicBuildLoop(BuildManager.java:351)
	at org.eclipse.core.internal.events.BuildManager.build(BuildManager.java:374)
	at org.eclipse.core.internal.resources.Workspace.buildInternal(Workspace.java:513)
	at org.eclipse.core.internal.resources.Workspace.build(Workspace.java:432)
	at org.eclipse.ui.actions.BuildAction$1.runInWorkspace(BuildAction.java:305)
	at org.eclipse.core.internal.resources.InternalWorkspaceJob.run(InternalWorkspaceJob.java:38)
	at org.eclipse.core.internal.jobs.Worker.run(Worker.java:54)

!ENTRY org.eclipse.core.resources 4 75 2013-04-17 09:23:24.663
!MESSAGE Errors occurred during the build.
!SUBENTRY 1 org.eclipse.wst.jsdt.core 4 75 2013-04-17 09:23:24.663
!MESSAGE Errors running builder 'JavaScript Validator' on project 'Memory Game'.
!STACK 0
java.lang.ArrayIndexOutOfBoundsException: 11
	at org.eclipse.wst.jsdt.internal.compiler.ast.CaseStatement.resolveCase(CaseStatement.java:82)
	at org.eclipse.wst.jsdt.internal.compiler.ast.SwitchStatement.resolve(SwitchStatement.java:156)
	at org.eclipse.wst.jsdt.internal.compiler.ast.AbstractMethodDeclaration.resolveStatements(AbstractMethodDeclaration.java:350)
	at org.eclipse.wst.jsdt.internal.compiler.ast.MethodDeclaration.resolveStatements(MethodDeclaration.java:137)
	at org.eclipse.wst.jsdt.internal.compiler.ast.AbstractMethodDeclaration.resolve(AbstractMethodDeclaration.java:304)
	at org.eclipse.wst.jsdt.internal.compiler.ast.AbstractMethodDeclaration.resolve(AbstractMethodDeclaration.java:375)
	at org.eclipse.wst.jsdt.internal.compiler.ast.FunctionExpression.resolveType(FunctionExpression.java:58)
	at org.eclipse.wst.jsdt.internal.compiler.ast.ObjectLiteralField.resolveType(ObjectLiteralField.java:70)
	at org.eclipse.wst.jsdt.internal.compiler.ast.ObjectLiteral.resolveType(ObjectLiteral.java:80)
	at org.eclipse.wst.jsdt.internal.compiler.ast.MessageSend.resolveType(MessageSend.java:279)
	at org.eclipse.wst.jsdt.internal.compiler.ast.Expression.resolve(Expression.java:477)
	at org.eclipse.wst.jsdt.internal.compiler.ast.AbstractMethodDeclaration.resolveStatements(AbstractMethodDeclaration.java:350)
	at org.eclipse.wst.jsdt.internal.compiler.ast.MethodDeclaration.resolveStatements(MethodDeclaration.java:137)
	at org.eclipse.wst.jsdt.internal.compiler.ast.AbstractMethodDeclaration.resolve(AbstractMethodDeclaration.java:304)
	at org.eclipse.wst.jsdt.internal.compiler.ast.AbstractMethodDeclaration.resolve(AbstractMethodDeclaration.java:375)
	at org.eclipse.wst.jsdt.internal.compiler.ast.FunctionExpression.resolveType(FunctionExpression.java:58)
	at org.eclipse.wst.jsdt.internal.compiler.ast.MessageSend.resolveType(MessageSend.java:267)
	at org.eclipse.wst.jsdt.internal.compiler.ast.Expression.resolve(Expression.java:477)
	at org.eclipse.wst.jsdt.internal.compiler.ast.AbstractMethodDeclaration.resolveStatements(AbstractMethodDeclaration.java:350)
	at org.eclipse.wst.jsdt.internal.compiler.ast.MethodDeclaration.resolveStatements(MethodDeclaration.java:137)
	at org.eclipse.wst.jsdt.internal.compiler.ast.AbstractMethodDeclaration.resolve(AbstractMethodDeclaration.java:304)
	at org.eclipse.wst.jsdt.internal.compiler.ast.AbstractMethodDeclaration.resolve(AbstractMethodDeclaration.java:375)
	at org.eclipse.wst.jsdt.internal.compiler.ast.FunctionExpression.resolveType(FunctionExpression.java:58)
	at org.eclipse.wst.jsdt.internal.compiler.ast.MessageSend.resolveType(MessageSend.java:279)
	at org.eclipse.wst.jsdt.internal.compiler.ast.Expression.resolve(Expression.java:477)
	at org.eclipse.wst.jsdt.internal.compiler.ast.CompilationUnitDeclaration.resolve(CompilationUnitDeclaration.java:394)
	at org.eclipse.wst.jsdt.internal.compiler.Compiler.process(Compiler.java:604)
	at org.eclipse.wst.jsdt.internal.compiler.Compiler.compile(Compiler.java:356)
	at org.eclipse.wst.jsdt.internal.core.builder.AbstractImageBuilder.compile(AbstractImageBuilder.java:288)
	at org.eclipse.wst.jsdt.internal.core.builder.BatchImageBuilder.compile(BatchImageBuilder.java:86)
	at org.eclipse.wst.jsdt.internal.core.builder.AbstractImageBuilder.compile(AbstractImageBuilder.java:227)
	at org.eclipse.wst.jsdt.internal.core.builder.BatchImageBuilder.build(BatchImageBuilder.java:58)
	at org.eclipse.wst.jsdt.internal.core.builder.JavaBuilder.buildAll(JavaBuilder.java:291)
	at org.eclipse.wst.jsdt.internal.core.builder.JavaBuilder.build(JavaBuilder.java:194)
	at org.eclipse.core.internal.events.BuildManager$2.run(BuildManager.java:728)
	at org.eclipse.core.runtime.SafeRunner.run(SafeRunner.java:42)
	at org.eclipse.core.internal.events.BuildManager.basicBuild(BuildManager.java:199)
	at org.eclipse.core.internal.events.BuildManager.basicBuild(BuildManager.java:239)
	at org.eclipse.core.internal.events.BuildManager$1.run(BuildManager.java:292)
	at org.eclipse.core.runtime.SafeRunner.run(SafeRunner.java:42)
	at org.eclipse.core.internal.events.BuildManager.basicBuild(BuildManager.java:295)
	at org.eclipse.core.internal.events.BuildManager.basicBuildLoop(BuildManager.java:351)
	at org.eclipse.core.internal.events.BuildManager.build(BuildManager.java:374)
	at org.eclipse.core.internal.resources.Workspace.buildInternal(Workspace.java:513)
	at org.eclipse.core.internal.resources.Workspace.build(Workspace.java:432)
	at org.eclipse.ui.actions.BuildAction$1.runInWorkspace(BuildAction.java:305)
	at org.eclipse.core.internal.resources.InternalWorkspaceJob.run(InternalWorkspaceJob.java:38)
	at org.eclipse.core.internal.jobs.Worker.run(Worker.java:54)

!ENTRY org.eclipse.ui 4 0 2013-04-17 09:26:01.889
!MESSAGE Unhandled event loop exception
!STACK 0
java.lang.OutOfMemoryError: Requested array size exceeds VM limit

!ENTRY org.eclipse.ui 2 2 2013-04-17 14:32:28.263
!MESSAGE Invalid property category path: ValidationPropertiesPage (bundle: org.eclipse.jst.jsp.ui, propertyPage: org.eclipse.jst.jsp.ui.propertyPage.project.validation)

!ENTRY org.eclipse.ui 2 2 2013-04-17 14:32:28.263
!MESSAGE Invalid property category path: ValidationPropertiesPage (bundle: org.eclipse.wst.html.ui, propertyPage: org.eclipse.wst.html.ui.propertyPage.project.validation)

!ENTRY org.eclipse.ui 2 2 2013-04-17 14:32:28.263
!MESSAGE Invalid property category path: ValidationPropertiesPage (bundle: org.eclipse.wst.xml.ui, propertyPage: org.eclipse.wst.xml.ui.propertyPage.project.validation)
