!SESSION 2013-03-28 09:38:37.141 -----------------------------------------------
eclipse.buildId=unknown
java.version=1.7.0_17
java.vendor=Oracle Corporation
BootLoader constants: OS=win32, ARCH=x86, WS=win32, NL=nl_BE
Command-line arguments:  -os win32 -ws win32 -arch x86

This is a continuation of log file C:\Users\Aillan De Vos\Dropbox\Project ICT - team 2 (1)\MemoryGame\.metadata\.bak_0.log
Created Time: 2013-03-28 09:57:09.286

!ENTRY org.eclipse.core.resources 4 1 2013-03-28 09:57:09.287
!MESSAGE Core exception while retrieving the content description
!STACK 1
org.eclipse.core.internal.resources.ResourceException: Resource is out of sync with the file system: '/Memory Game/LocalFiles/index.html'.
	at org.eclipse.core.internal.resources.File.getContentDescription(File.java:269)
	at org.eclipse.core.internal.propertytester.FilePropertyTester.testContentType(FilePropertyTester.java:108)
	at org.eclipse.core.internal.propertytester.FilePropertyTester.test(FilePropertyTester.java:60)
	at org.eclipse.core.internal.expressions.Property.test(Property.java:58)
	at org.eclipse.core.internal.expressions.TestExpression.evaluate(TestExpression.java:99)
	at org.eclipse.core.internal.expressions.CompositeExpression.evaluateAnd(CompositeExpression.java:53)
	at org.eclipse.core.internal.expressions.AndExpression.evaluate(AndExpression.java:29)
	at org.eclipse.core.internal.expressions.CompositeExpression.evaluateOr(CompositeExpression.java:68)
	at org.eclipse.core.internal.expressions.OrExpression.evaluate(OrExpression.java:21)
	at org.eclipse.ui.internal.navigator.NavigatorPlugin$Evaluator.run(NavigatorPlugin.java:245)
	at org.eclipse.core.runtime.SafeRunner.run(SafeRunner.java:42)
	at org.eclipse.ui.internal.navigator.CustomAndExpression.evaluate(CustomAndExpression.java:71)
	at org.eclipse.ui.internal.navigator.NavigatorPlugin$Evaluator.run(NavigatorPlugin.java:245)
	at org.eclipse.core.runtime.SafeRunner.run(SafeRunner.java:42)
	at org.eclipse.ui.internal.navigator.NavigatorPlugin.safeEvaluate(NavigatorPlugin.java:260)
	at org.eclipse.ui.internal.navigator.extensions.NavigatorContentDescriptor.isPossibleChild(NavigatorContentDescriptor.java:454)
	at org.eclipse.ui.internal.navigator.extensions.NavigatorContentDescriptorManager.findDescriptors(NavigatorContentDescriptorManager.java:236)
	at org.eclipse.ui.internal.navigator.extensions.NavigatorContentDescriptorManager.findDescriptorsForPossibleChild(NavigatorContentDescriptorManager.java:206)
	at org.eclipse.ui.internal.navigator.NavigatorContentService.findDescriptorsWithPossibleChild(NavigatorContentService.java:842)
	at org.eclipse.ui.internal.navigator.NavigatorContentService.findPossibleLabelExtensions(NavigatorContentService.java:457)
	at org.eclipse.ui.internal.navigator.NavigatorContentServiceLabelProvider.getColumnImage(NavigatorContentServiceLabelProvider.java:102)
	at org.eclipse.ui.internal.navigator.NavigatorContentServiceLabelProvider.getImage(NavigatorContentServiceLabelProvider.java:98)
	at org.eclipse.ui.internal.navigator.NavigatorDecoratingLabelProvider$StyledLabelProviderAdapter.getImage(NavigatorDecoratingLabelProvider.java:60)
	at org.eclipse.jface.viewers.DelegatingStyledCellLabelProvider.getImage(DelegatingStyledCellLabelProvider.java:184)
	at org.eclipse.jface.viewers.DecoratingStyledCellLabelProvider.getImage(DecoratingStyledCellLabelProvider.java:167)
	at org.eclipse.jface.viewers.DelegatingStyledCellLabelProvider.update(DelegatingStyledCellLabelProvider.java:118)
	at org.eclipse.jface.viewers.DecoratingStyledCellLabelProvider.update(DecoratingStyledCellLabelProvider.java:134)
	at org.eclipse.jface.viewers.ViewerColumn.refresh(ViewerColumn.java:152)
	at org.eclipse.jface.viewers.AbstractTreeViewer.doUpdateItem(AbstractTreeViewer.java:953)
	at org.eclipse.jface.viewers.AbstractTreeViewer$UpdateItemSafeRunnable.run(AbstractTreeViewer.java:113)
	at org.eclipse.core.runtime.SafeRunner.run(SafeRunner.java:42)
	at org.eclipse.ui.internal.JFaceUtil$1.run(JFaceUtil.java:49)
	at org.eclipse.jface.util.SafeRunnable.run(SafeRunnable.java:175)
	at org.eclipse.jface.viewers.AbstractTreeViewer.doUpdateItem(AbstractTreeViewer.java:1033)
	at org.eclipse.jface.viewers.StructuredViewer$UpdateItemSafeRunnable.run(StructuredViewer.java:485)
	at org.eclipse.core.runtime.SafeRunner.run(SafeRunner.java:42)
	at org.eclipse.ui.internal.JFaceUtil$1.run(JFaceUtil.java:49)
	at org.eclipse.jface.util.SafeRunnable.run(SafeRunnable.java:175)
	at org.eclipse.jface.viewers.StructuredViewer.updateItem(StructuredViewer.java:2167)
	at org.eclipse.jface.viewers.AbstractTreeViewer.createTreeItem(AbstractTreeViewer.java:848)
	at org.eclipse.jface.viewers.AbstractTreeViewer$1.run(AbstractTreeViewer.java:823)
	at org.eclipse.swt.custom.BusyIndicator.showWhile(BusyIndicator.java:70)
	at org.eclipse.jface.viewers.AbstractTreeViewer.createChildren(AbstractTreeViewer.java:797)
	at org.eclipse.jface.viewers.TreeViewer.createChildren(TreeViewer.java:644)
	at org.eclipse.jface.viewers.AbstractTreeViewer.createChildren(AbstractTreeViewer.java:768)
	at org.eclipse.jface.viewers.AbstractTreeViewer.handleTreeExpand(AbstractTreeViewer.java:1500)
	at org.eclipse.jface.viewers.TreeViewer.handleTreeExpand(TreeViewer.java:952)
	at org.eclipse.jface.viewers.AbstractTreeViewer$4.treeExpanded(AbstractTreeViewer.java:1511)
	at org.eclipse.swt.widgets.TypedListener.handleEvent(TypedListener.java:132)
	at org.eclipse.swt.widgets.EventTable.sendEvent(EventTable.java:84)
	at org.eclipse.swt.widgets.Widget.sendEvent(Widget.java:1053)
	at org.eclipse.swt.widgets.Widget.sendEvent(Widget.java:1077)
	at org.eclipse.swt.widgets.Widget.sendEvent(Widget.java:1062)
	at org.eclipse.swt.widgets.Tree.wmNotifyChild(Tree.java:7546)
	at org.eclipse.swt.widgets.Control.wmNotify(Control.java:5534)
	at org.eclipse.swt.widgets.Composite.wmNotify(Composite.java:1896)
	at org.eclipse.swt.widgets.Control.WM_NOTIFY(Control.java:5086)
	at org.eclipse.swt.widgets.Control.windowProc(Control.java:4584)
	at org.eclipse.swt.widgets.Display.windowProc(Display.java:4972)
	at org.eclipse.swt.internal.win32.OS.CallWindowProcW(Native Method)
	at org.eclipse.swt.internal.win32.OS.CallWindowProc(OS.java:2439)
	at org.eclipse.swt.widgets.Tree.callWindowProc(Tree.java:1534)
	at org.eclipse.swt.widgets.Tree.WM_LBUTTONDOWN(Tree.java:6416)
	at org.eclipse.swt.widgets.Control.windowProc(Control.java:4564)
	at org.eclipse.swt.widgets.Tree.windowProc(Tree.java:5939)
	at org.eclipse.swt.widgets.Display.windowProc(Display.java:4972)
	at org.eclipse.swt.internal.win32.OS.DispatchMessageW(Native Method)
	at org.eclipse.swt.internal.win32.OS.DispatchMessage(OS.java:2545)
	at org.eclipse.swt.widgets.Display.readAndDispatch(Display.java:3752)
	at org.eclipse.ui.internal.Workbench.runEventLoop(Workbench.java:2701)
	at org.eclipse.ui.internal.Workbench.runUI(Workbench.java:2665)
	at org.eclipse.ui.internal.Workbench.access$4(Workbench.java:2499)
	at org.eclipse.ui.internal.Workbench$7.run(Workbench.java:679)
	at org.eclipse.core.databinding.observable.Realm.runWithDefault(Realm.java:332)
	at org.eclipse.ui.internal.Workbench.createAndRunWorkbench(Workbench.java:668)
	at org.eclipse.ui.PlatformUI.createAndRunWorkbench(PlatformUI.java:149)
	at org.eclipse.ui.internal.ide.application.IDEApplication.start(IDEApplication.java:124)
	at org.eclipse.equinox.internal.app.EclipseAppHandle.run(EclipseAppHandle.java:196)
	at org.eclipse.core.runtime.internal.adaptor.EclipseAppLauncher.runApplication(EclipseAppLauncher.java:110)
	at org.eclipse.core.runtime.internal.adaptor.EclipseAppLauncher.start(EclipseAppLauncher.java:79)
	at org.eclipse.core.runtime.adaptor.EclipseStarter.run(EclipseStarter.java:353)
	at org.eclipse.core.runtime.adaptor.EclipseStarter.run(EclipseStarter.java:180)
	at sun.reflect.NativeMethodAccessorImpl.invoke0(Native Method)
	at sun.reflect.NativeMethodAccessorImpl.invoke(Unknown Source)
	at sun.reflect.DelegatingMethodAccessorImpl.invoke(Unknown Source)
	at java.lang.reflect.Method.invoke(Unknown Source)
	at org.eclipse.equinox.launcher.Main.invokeFramework(Main.java:629)
	at org.eclipse.equinox.launcher.Main.basicRun(Main.java:584)
	at org.eclipse.equinox.launcher.Main.run(Main.java:1438)
!SUBENTRY 1 org.eclipse.core.resources 4 274 2013-03-28 09:57:09.288
!MESSAGE Resource is out of sync with the file system: '/Memory Game/LocalFiles/index.html'.

!ENTRY org.eclipse.core.resources 4 1 2013-03-28 09:57:09.290
!MESSAGE Core exception while retrieving the content description
!STACK 1
org.eclipse.core.internal.resources.ResourceException: Resource is out of sync with the file system: '/Memory Game/LocalFiles/index.html'.
	at org.eclipse.core.internal.resources.File.getContentDescription(File.java:269)
	at org.eclipse.core.internal.propertytester.FilePropertyTester.testContentType(FilePropertyTester.java:108)
	at org.eclipse.core.internal.propertytester.FilePropertyTester.test(FilePropertyTester.java:60)
	at org.eclipse.core.internal.expressions.Property.test(Property.java:58)
	at org.eclipse.core.internal.expressions.TestExpression.evaluate(TestExpression.java:99)
	at org.eclipse.core.internal.expressions.CompositeExpression.evaluateAnd(CompositeExpression.java:53)
	at org.eclipse.core.internal.expressions.AndExpression.evaluate(AndExpression.java:29)
	at org.eclipse.core.internal.expressions.CompositeExpression.evaluateOr(CompositeExpression.java:68)
	at org.eclipse.core.internal.expressions.OrExpression.evaluate(OrExpression.java:21)
	at org.eclipse.ui.internal.navigator.NavigatorPlugin$Evaluator.run(NavigatorPlugin.java:245)
	at org.eclipse.core.runtime.SafeRunner.run(SafeRunner.java:42)
	at org.eclipse.ui.internal.navigator.CustomAndExpression.evaluate(CustomAndExpression.java:71)
	at org.eclipse.ui.internal.navigator.NavigatorPlugin$Evaluator.run(NavigatorPlugin.java:245)
	at org.eclipse.core.runtime.SafeRunner.run(SafeRunner.java:42)
	at org.eclipse.ui.internal.navigator.NavigatorPlugin.safeEvaluate(NavigatorPlugin.java:260)
	at org.eclipse.ui.internal.navigator.extensions.NavigatorContentDescriptor.isPossibleChild(NavigatorContentDescriptor.java:454)
	at org.eclipse.ui.internal.navigator.extensions.NavigatorContentDescriptorManager.findDescriptors(NavigatorContentDescriptorManager.java:236)
	at org.eclipse.ui.internal.navigator.extensions.NavigatorContentDescriptorManager.findDescriptorsForPossibleChild(NavigatorContentDescriptorManager.java:206)
	at org.eclipse.ui.internal.navigator.NavigatorContentService.findDescriptorsWithPossibleChild(NavigatorContentService.java:842)
	at org.eclipse.ui.internal.navigator.NavigatorContentService.findPossibleLabelExtensions(NavigatorContentService.java:457)
	at org.eclipse.ui.internal.navigator.NavigatorContentService.findRelevantLabelProviders(NavigatorContentService.java:496)
	at org.eclipse.ui.internal.navigator.NavigatorContentServiceLabelProvider.getFont(NavigatorContentServiceLabelProvider.java:206)
	at org.eclipse.ui.internal.navigator.NavigatorDecoratingLabelProvider$StyledLabelProviderAdapter.getFont(NavigatorDecoratingLabelProvider.java:129)
	at org.eclipse.jface.viewers.DelegatingStyledCellLabelProvider.getFont(DelegatingStyledCellLabelProvider.java:168)
	at org.eclipse.jface.viewers.DecoratingStyledCellLabelProvider.getFont(DecoratingStyledCellLabelProvider.java:163)
	at org.eclipse.jface.viewers.DelegatingStyledCellLabelProvider.update(DelegatingStyledCellLabelProvider.java:119)
	at org.eclipse.jface.viewers.DecoratingStyledCellLabelProvider.update(DecoratingStyledCellLabelProvider.java:134)
	at org.eclipse.jface.viewers.ViewerColumn.refresh(ViewerColumn.java:152)
	at org.eclipse.jface.viewers.AbstractTreeViewer.doUpdateItem(AbstractTreeViewer.java:953)
	at org.eclipse.jface.viewers.AbstractTreeViewer$UpdateItemSafeRunnable.run(AbstractTreeViewer.java:113)
	at org.eclipse.core.runtime.SafeRunner.run(SafeRunner.java:42)
	at org.eclipse.ui.internal.JFaceUtil$1.run(JFaceUtil.java:49)
	at org.eclipse.jface.util.SafeRunnable.run(SafeRunnable.java:175)
	at org.eclipse.jface.viewers.AbstractTreeViewer.doUpdateItem(AbstractTreeViewer.java:1033)
	at org.eclipse.jface.viewers.StructuredViewer$UpdateItemSafeRunnable.run(StructuredViewer.java:485)
	at org.eclipse.core.runtime.SafeRunner.run(SafeRunner.java:42)
	at org.eclipse.ui.internal.JFaceUtil$1.run(JFaceUtil.java:49)
	at org.eclipse.jface.util.SafeRunnable.run(SafeRunnable.java:175)
	at org.eclipse.jface.viewers.StructuredViewer.updateItem(StructuredViewer.java:2167)
	at org.eclipse.jface.viewers.AbstractTreeViewer.createTreeItem(AbstractTreeViewer.java:848)
	at org.eclipse.jface.viewers.AbstractTreeViewer$1.run(AbstractTreeViewer.java:823)
	at org.eclipse.swt.custom.BusyIndicator.showWhile(BusyIndicator.java:70)
	at org.eclipse.jface.viewers.AbstractTreeViewer.createChildren(AbstractTreeViewer.java:797)
	at org.eclipse.jface.viewers.TreeViewer.createChildren(TreeViewer.java:644)
	at org.eclipse.jface.viewers.AbstractTreeViewer.createChildren(AbstractTreeViewer.java:768)
	at org.eclipse.jface.viewers.AbstractTreeViewer.handleTreeExpand(AbstractTreeViewer.java:1500)
	at org.eclipse.jface.viewers.TreeViewer.handleTreeExpand(TreeViewer.java:952)
	at org.eclipse.jface.viewers.AbstractTreeViewer$4.treeExpanded(AbstractTreeViewer.java:1511)
	at org.eclipse.swt.widgets.TypedListener.handleEvent(TypedListener.java:132)
	at org.eclipse.swt.widgets.EventTable.sendEvent(EventTable.java:84)
	at org.eclipse.swt.widgets.Widget.sendEvent(Widget.java:1053)
	at org.eclipse.swt.widgets.Widget.sendEvent(Widget.java:1077)
	at org.eclipse.swt.widgets.Widget.sendEvent(Widget.java:1062)
	at org.eclipse.swt.widgets.Tree.wmNotifyChild(Tree.java:7546)
	at org.eclipse.swt.widgets.Control.wmNotify(Control.java:5534)
	at org.eclipse.swt.widgets.Composite.wmNotify(Composite.java:1896)
	at org.eclipse.swt.widgets.Control.WM_NOTIFY(Control.java:5086)
	at org.eclipse.swt.widgets.Control.windowProc(Control.java:4584)
	at org.eclipse.swt.widgets.Display.windowProc(Display.java:4972)
	at org.eclipse.swt.internal.win32.OS.CallWindowProcW(Native Method)
	at org.eclipse.swt.internal.win32.OS.CallWindowProc(OS.java:2439)
	at org.eclipse.swt.widgets.Tree.callWindowProc(Tree.java:1534)
	at org.eclipse.swt.widgets.Tree.WM_LBUTTONDOWN(Tree.java:6416)
	at org.eclipse.swt.widgets.Control.windowProc(Control.java:4564)
	at org.eclipse.swt.widgets.Tree.windowProc(Tree.java:5939)
	at org.eclipse.swt.widgets.Display.windowProc(Display.java:4972)
	at org.eclipse.swt.internal.win32.OS.DispatchMessageW(Native Method)
	at org.eclipse.swt.internal.win32.OS.DispatchMessage(OS.java:2545)
	at org.eclipse.swt.widgets.Display.readAndDispatch(Display.java:3752)
	at org.eclipse.ui.internal.Workbench.runEventLoop(Workbench.java:2701)
	at org.eclipse.ui.internal.Workbench.runUI(Workbench.java:2665)
	at org.eclipse.ui.internal.Workbench.access$4(Workbench.java:2499)
	at org.eclipse.ui.internal.Workbench$7.run(Workbench.java:679)
	at org.eclipse.core.databinding.observable.Realm.runWithDefault(Realm.java:332)
	at org.eclipse.ui.internal.Workbench.createAndRunWorkbench(Workbench.java:668)
	at org.eclipse.ui.PlatformUI.createAndRunWorkbench(PlatformUI.java:149)
	at org.eclipse.ui.internal.ide.application.IDEApplication.start(IDEApplication.java:124)
	at org.eclipse.equinox.internal.app.EclipseAppHandle.run(EclipseAppHandle.java:196)
	at org.eclipse.core.runtime.internal.adaptor.EclipseAppLauncher.runApplication(EclipseAppLauncher.java:110)
	at org.eclipse.core.runtime.internal.adaptor.EclipseAppLauncher.start(EclipseAppLauncher.java:79)
	at org.eclipse.core.runtime.adaptor.EclipseStarter.run(EclipseStarter.java:353)
	at org.eclipse.core.runtime.adaptor.EclipseStarter.run(EclipseStarter.java:180)
	at sun.reflect.NativeMethodAccessorImpl.invoke0(Native Method)
	at sun.reflect.NativeMethodAccessorImpl.invoke(Unknown Source)
	at sun.reflect.DelegatingMethodAccessorImpl.invoke(Unknown Source)
	at java.lang.reflect.Method.invoke(Unknown Source)
	at org.eclipse.equinox.launcher.Main.invokeFramework(Main.java:629)
	at org.eclipse.equinox.launcher.Main.basicRun(Main.java:584)
	at org.eclipse.equinox.launcher.Main.run(Main.java:1438)
!SUBENTRY 1 org.eclipse.core.resources 4 274 2013-03-28 09:57:09.291
!MESSAGE Resource is out of sync with the file system: '/Memory Game/LocalFiles/index.html'.

!ENTRY org.eclipse.core.resources 4 1 2013-03-28 09:57:09.293
!MESSAGE Core exception while retrieving the content description
!STACK 1
org.eclipse.core.internal.resources.ResourceException: Resource is out of sync with the file system: '/Memory Game/LocalFiles/index.html'.
	at org.eclipse.core.internal.resources.File.getContentDescription(File.java:269)
	at org.eclipse.core.internal.propertytester.FilePropertyTester.testContentType(FilePropertyTester.java:108)
	at org.eclipse.core.internal.propertytester.FilePropertyTester.test(FilePropertyTester.java:60)
	at org.eclipse.core.internal.expressions.Property.test(Property.java:58)
	at org.eclipse.core.internal.expressions.TestExpression.evaluate(TestExpression.java:99)
	at org.eclipse.core.internal.expressions.CompositeExpression.evaluateAnd(CompositeExpression.java:53)
	at org.eclipse.core.internal.expressions.AndExpression.evaluate(AndExpression.java:29)
	at org.eclipse.core.internal.expressions.CompositeExpression.evaluateOr(CompositeExpression.java:68)
	at org.eclipse.core.internal.expressions.OrExpression.evaluate(OrExpression.java:21)
	at org.eclipse.ui.internal.navigator.NavigatorPlugin$Evaluator.run(NavigatorPlugin.java:245)
	at org.eclipse.core.runtime.SafeRunner.run(SafeRunner.java:42)
	at org.eclipse.ui.internal.navigator.CustomAndExpression.evaluate(CustomAndExpression.java:71)
	at org.eclipse.ui.internal.navigator.NavigatorPlugin$Evaluator.run(NavigatorPlugin.java:245)
	at org.eclipse.core.runtime.SafeRunner.run(SafeRunner.java:42)
	at org.eclipse.ui.internal.navigator.NavigatorPlugin.safeEvaluate(NavigatorPlugin.java:260)
	at org.eclipse.ui.internal.navigator.extensions.NavigatorContentDescriptor.isPossibleChild(NavigatorContentDescriptor.java:454)
	at org.eclipse.ui.internal.navigator.extensions.NavigatorContentDescriptorManager.findDescriptors(NavigatorContentDescriptorManager.java:236)
	at org.eclipse.ui.internal.navigator.extensions.NavigatorContentDescriptorManager.findDescriptorsForPossibleChild(NavigatorContentDescriptorManager.java:206)
	at org.eclipse.ui.internal.navigator.NavigatorContentService.findDescriptorsWithPossibleChild(NavigatorContentService.java:842)
	at org.eclipse.ui.internal.navigator.NavigatorContentService.findPossibleLabelExtensions(NavigatorContentService.java:457)
	at org.eclipse.ui.internal.navigator.NavigatorContentService.findRelevantLabelProviders(NavigatorContentService.java:496)
	at org.eclipse.ui.internal.navigator.NavigatorContentServiceLabelProvider.getForeground(NavigatorContentServiceLabelProvider.java:224)
	at org.eclipse.ui.internal.navigator.NavigatorDecoratingLabelProvider$StyledLabelProviderAdapter.getForeground(NavigatorDecoratingLabelProvider.java:119)
	at org.eclipse.jface.viewers.DelegatingStyledCellLabelProvider.getForeground(DelegatingStyledCellLabelProvider.java:137)
	at org.eclipse.jface.viewers.DecoratingStyledCellLabelProvider.getForeground(DecoratingStyledCellLabelProvider.java:144)
	at org.eclipse.jface.viewers.DelegatingStyledCellLabelProvider.update(DelegatingStyledCellLabelProvider.java:120)
	at org.eclipse.jface.viewers.DecoratingStyledCellLabelProvider.update(DecoratingStyledCellLabelProvider.java:134)
	at org.eclipse.jface.viewers.ViewerColumn.refresh(ViewerColumn.java:152)
	at org.eclipse.jface.viewers.AbstractTreeViewer.doUpdateItem(AbstractTreeViewer.java:953)
	at org.eclipse.jface.viewers.AbstractTreeViewer$UpdateItemSafeRunnable.run(AbstractTreeViewer.java:113)
	at org.eclipse.core.runtime.SafeRunner.run(SafeRunner.java:42)
	at org.eclipse.ui.internal.JFaceUtil$1.run(JFaceUtil.java:49)
	at org.eclipse.jface.util.SafeRunnable.run(SafeRunnable.java:175)
	at org.eclipse.jface.viewers.AbstractTreeViewer.doUpdateItem(AbstractTreeViewer.java:1033)
	at org.eclipse.jface.viewers.StructuredViewer$UpdateItemSafeRunnable.run(StructuredViewer.java:485)
	at org.eclipse.core.runtime.SafeRunner.run(SafeRunner.java:42)
	at org.eclipse.ui.internal.JFaceUtil$1.run(JFaceUtil.java:49)
	at org.eclipse.jface.util.SafeRunnable.run(SafeRunnable.java:175)
	at org.eclipse.jface.viewers.StructuredViewer.updateItem(StructuredViewer.java:2167)
	at org.eclipse.jface.viewers.AbstractTreeViewer.createTreeItem(AbstractTreeViewer.java:848)
	at org.eclipse.jface.viewers.AbstractTreeViewer$1.run(AbstractTreeViewer.java:823)
	at org.eclipse.swt.custom.BusyIndicator.showWhile(BusyIndicator.java:70)
	at org.eclipse.jface.viewers.AbstractTreeViewer.createChildren(AbstractTreeViewer.java:797)
	at org.eclipse.jface.viewers.TreeViewer.createChildren(TreeViewer.java:644)
	at org.eclipse.jface.viewers.AbstractTreeViewer.createChildren(AbstractTreeViewer.java:768)
	at org.eclipse.jface.viewers.AbstractTreeViewer.handleTreeExpand(AbstractTreeViewer.java:1500)
	at org.eclipse.jface.viewers.TreeViewer.handleTreeExpand(TreeViewer.java:952)
	at org.eclipse.jface.viewers.AbstractTreeViewer$4.treeExpanded(AbstractTreeViewer.java:1511)
	at org.eclipse.swt.widgets.TypedListener.handleEvent(TypedListener.java:132)
	at org.eclipse.swt.widgets.EventTable.sendEvent(EventTable.java:84)
	at org.eclipse.swt.widgets.Widget.sendEvent(Widget.java:1053)
	at org.eclipse.swt.widgets.Widget.sendEvent(Widget.java:1077)
	at org.eclipse.swt.widgets.Widget.sendEvent(Widget.java:1062)
	at org.eclipse.swt.widgets.Tree.wmNotifyChild(Tree.java:7546)
	at org.eclipse.swt.widgets.Control.wmNotify(Control.java:5534)
	at org.eclipse.swt.widgets.Composite.wmNotify(Composite.java:1896)
	at org.eclipse.swt.widgets.Control.WM_NOTIFY(Control.java:5086)
	at org.eclipse.swt.widgets.Control.windowProc(Control.java:4584)
	at org.eclipse.swt.widgets.Display.windowProc(Display.java:4972)
	at org.eclipse.swt.internal.win32.OS.CallWindowProcW(Native Method)
	at org.eclipse.swt.internal.win32.OS.CallWindowProc(OS.java:2439)
	at org.eclipse.swt.widgets.Tree.callWindowProc(Tree.java:1534)
	at org.eclipse.swt.widgets.Tree.WM_LBUTTONDOWN(Tree.java:6416)
	at org.eclipse.swt.widgets.Control.windowProc(Control.java:4564)
	at org.eclipse.swt.widgets.Tree.windowProc(Tree.java:5939)
	at org.eclipse.swt.widgets.Display.windowProc(Display.java:4972)
	at org.eclipse.swt.internal.win32.OS.DispatchMessageW(Native Method)
	at org.eclipse.swt.internal.win32.OS.DispatchMessage(OS.java:2545)
	at org.eclipse.swt.widgets.Display.readAndDispatch(Display.java:3752)
	at org.eclipse.ui.internal.Workbench.runEventLoop(Workbench.java:2701)
	at org.eclipse.ui.internal.Workbench.runUI(Workbench.java:2665)
	at org.eclipse.ui.internal.Workbench.access$4(Workbench.java:2499)
	at org.eclipse.ui.internal.Workbench$7.run(Workbench.java:679)
	at org.eclipse.core.databinding.observable.Realm.runWithDefault(Realm.java:332)
	at org.eclipse.ui.internal.Workbench.createAndRunWorkbench(Workbench.java:668)
	at org.eclipse.ui.PlatformUI.createAndRunWorkbench(PlatformUI.java:149)
	at org.eclipse.ui.internal.ide.application.IDEApplication.start(IDEApplication.java:124)
	at org.eclipse.equinox.internal.app.EclipseAppHandle.run(EclipseAppHandle.java:196)
	at org.eclipse.core.runtime.internal.adaptor.EclipseAppLauncher.runApplication(EclipseAppLauncher.java:110)
	at org.eclipse.core.runtime.internal.adaptor.EclipseAppLauncher.start(EclipseAppLauncher.java:79)
	at org.eclipse.core.runtime.adaptor.EclipseStarter.run(EclipseStarter.java:353)
	at org.eclipse.core.runtime.adaptor.EclipseStarter.run(EclipseStarter.java:180)
	at sun.reflect.NativeMethodAccessorImpl.invoke0(Native Method)
	at sun.reflect.NativeMethodAccessorImpl.invoke(Unknown Source)
	at sun.reflect.DelegatingMethodAccessorImpl.invoke(Unknown Source)
	at java.lang.reflect.Method.invoke(Unknown Source)
	at org.eclipse.equinox.launcher.Main.invokeFramework(Main.java:629)
	at org.eclipse.equinox.launcher.Main.basicRun(Main.java:584)
	at org.eclipse.equinox.launcher.Main.run(Main.java:1438)
!SUBENTRY 1 org.eclipse.core.resources 4 274 2013-03-28 09:57:09.294
!MESSAGE Resource is out of sync with the file system: '/Memory Game/LocalFiles/index.html'.

!ENTRY org.eclipse.core.resources 4 1 2013-03-28 09:57:09.295
!MESSAGE Core exception while retrieving the content description
!STACK 1
org.eclipse.core.internal.resources.ResourceException: Resource is out of sync with the file system: '/Memory Game/LocalFiles/index.html'.
	at org.eclipse.core.internal.resources.File.getContentDescription(File.java:269)
	at org.eclipse.core.internal.propertytester.FilePropertyTester.testContentType(FilePropertyTester.java:108)
	at org.eclipse.core.internal.propertytester.FilePropertyTester.test(FilePropertyTester.java:60)
	at org.eclipse.core.internal.expressions.Property.test(Property.java:58)
	at org.eclipse.core.internal.expressions.TestExpression.evaluate(TestExpression.java:99)
	at org.eclipse.core.internal.expressions.CompositeExpression.evaluateAnd(CompositeExpression.java:53)
	at org.eclipse.core.internal.expressions.AndExpression.evaluate(AndExpression.java:29)
	at org.eclipse.core.internal.expressions.CompositeExpression.evaluateOr(CompositeExpression.java:68)
	at org.eclipse.core.internal.expressions.OrExpression.evaluate(OrExpression.java:21)
	at org.eclipse.ui.internal.navigator.NavigatorPlugin$Evaluator.run(NavigatorPlugin.java:245)
	at org.eclipse.core.runtime.SafeRunner.run(SafeRunner.java:42)
	at org.eclipse.ui.internal.navigator.CustomAndExpression.evaluate(CustomAndExpression.java:71)
	at org.eclipse.ui.internal.navigator.NavigatorPlugin$Evaluator.run(NavigatorPlugin.java:245)
	at org.eclipse.core.runtime.SafeRunner.run(SafeRunner.java:42)
	at org.eclipse.ui.internal.navigator.NavigatorPlugin.safeEvaluate(NavigatorPlugin.java:260)
	at org.eclipse.ui.internal.navigator.extensions.NavigatorContentDescriptor.isPossibleChild(NavigatorContentDescriptor.java:454)
	at org.eclipse.ui.internal.navigator.extensions.NavigatorContentDescriptorManager.findDescriptors(NavigatorContentDescriptorManager.java:236)
	at org.eclipse.ui.internal.navigator.extensions.NavigatorContentDescriptorManager.findDescriptorsForPossibleChild(NavigatorContentDescriptorManager.java:206)
	at org.eclipse.ui.internal.navigator.NavigatorContentService.findDescriptorsWithPossibleChild(NavigatorContentService.java:842)
	at org.eclipse.ui.internal.navigator.NavigatorContentService.findPossibleLabelExtensions(NavigatorContentService.java:457)
	at org.eclipse.ui.internal.navigator.NavigatorContentService.findRelevantLabelProviders(NavigatorContentService.java:496)
	at org.eclipse.ui.internal.navigator.NavigatorContentServiceLabelProvider.getBackground(NavigatorContentServiceLabelProvider.java:242)
	at org.eclipse.ui.internal.navigator.NavigatorDecoratingLabelProvider$StyledLabelProviderAdapter.getBackground(NavigatorDecoratingLabelProvider.java:109)
	at org.eclipse.jface.viewers.DelegatingStyledCellLabelProvider.getBackground(DelegatingStyledCellLabelProvider.java:153)
	at org.eclipse.jface.viewers.DecoratingStyledCellLabelProvider.getBackground(DecoratingStyledCellLabelProvider.java:154)
	at org.eclipse.jface.viewers.DelegatingStyledCellLabelProvider.update(DelegatingStyledCellLabelProvider.java:121)
	at org.eclipse.jface.viewers.DecoratingStyledCellLabelProvider.update(DecoratingStyledCellLabelProvider.java:134)
	at org.eclipse.jface.viewers.ViewerColumn.refresh(ViewerColumn.java:152)
	at org.eclipse.jface.viewers.AbstractTreeViewer.doUpdateItem(AbstractTreeViewer.java:953)
	at org.eclipse.jface.viewers.AbstractTreeViewer$UpdateItemSafeRunnable.run(AbstractTreeViewer.java:113)
	at org.eclipse.core.runtime.SafeRunner.run(SafeRunner.java:42)
	at org.eclipse.ui.internal.JFaceUtil$1.run(JFaceUtil.java:49)
	at org.eclipse.jface.util.SafeRunnable.run(SafeRunnable.java:175)
	at org.eclipse.jface.viewers.AbstractTreeViewer.doUpdateItem(AbstractTreeViewer.java:1033)
	at org.eclipse.jface.viewers.StructuredViewer$UpdateItemSafeRunnable.run(StructuredViewer.java:485)
	at org.eclipse.core.runtime.SafeRunner.run(SafeRunner.java:42)
	at org.eclipse.ui.internal.JFaceUtil$1.run(JFaceUtil.java:49)
	at org.eclipse.jface.util.SafeRunnable.run(SafeRunnable.java:175)
	at org.eclipse.jface.viewers.StructuredViewer.updateItem(StructuredViewer.java:2167)
	at org.eclipse.jface.viewers.AbstractTreeViewer.createTreeItem(AbstractTreeViewer.java:848)
	at org.eclipse.jface.viewers.AbstractTreeViewer$1.run(AbstractTreeViewer.java:823)
	at org.eclipse.swt.custom.BusyIndicator.showWhile(BusyIndicator.java:70)
	at org.eclipse.jface.viewers.AbstractTreeViewer.createChildren(AbstractTreeViewer.java:797)
	at org.eclipse.jface.viewers.TreeViewer.createChildren(TreeViewer.java:644)
	at org.eclipse.jface.viewers.AbstractTreeViewer.createChildren(AbstractTreeViewer.java:768)
	at org.eclipse.jface.viewers.AbstractTreeViewer.handleTreeExpand(AbstractTreeViewer.java:1500)
	at org.eclipse.jface.viewers.TreeViewer.handleTreeExpand(TreeViewer.java:952)
	at org.eclipse.jface.viewers.AbstractTreeViewer$4.treeExpanded(AbstractTreeViewer.java:1511)
	at org.eclipse.swt.widgets.TypedListener.handleEvent(TypedListener.java:132)
	at org.eclipse.swt.widgets.EventTable.sendEvent(EventTable.java:84)
	at org.eclipse.swt.widgets.Widget.sendEvent(Widget.java:1053)
	at org.eclipse.swt.widgets.Widget.sendEvent(Widget.java:1077)
	at org.eclipse.swt.widgets.Widget.sendEvent(Widget.java:1062)
	at org.eclipse.swt.widgets.Tree.wmNotifyChild(Tree.java:7546)
	at org.eclipse.swt.widgets.Control.wmNotify(Control.java:5534)
	at org.eclipse.swt.widgets.Composite.wmNotify(Composite.java:1896)
	at org.eclipse.swt.widgets.Control.WM_NOTIFY(Control.java:5086)
	at org.eclipse.swt.widgets.Control.windowProc(Control.java:4584)
	at org.eclipse.swt.widgets.Display.windowProc(Display.java:4972)
	at org.eclipse.swt.internal.win32.OS.CallWindowProcW(Native Method)
	at org.eclipse.swt.internal.win32.OS.CallWindowProc(OS.java:2439)
	at org.eclipse.swt.widgets.Tree.callWindowProc(Tree.java:1534)
	at org.eclipse.swt.widgets.Tree.WM_LBUTTONDOWN(Tree.java:6416)
	at org.eclipse.swt.widgets.Control.windowProc(Control.java:4564)
	at org.eclipse.swt.widgets.Tree.windowProc(Tree.java:5939)
	at org.eclipse.swt.widgets.Display.windowProc(Display.java:4972)
	at org.eclipse.swt.internal.win32.OS.DispatchMessageW(Native Method)
	at org.eclipse.swt.internal.win32.OS.DispatchMessage(OS.java:2545)
	at org.eclipse.swt.widgets.Display.readAndDispatch(Display.java:3752)
	at org.eclipse.ui.internal.Workbench.runEventLoop(Workbench.java:2701)
	at org.eclipse.ui.internal.Workbench.runUI(Workbench.java:2665)
	at org.eclipse.ui.internal.Workbench.access$4(Workbench.java:2499)
	at org.eclipse.ui.internal.Workbench$7.run(Workbench.java:679)
	at org.eclipse.core.databinding.observable.Realm.runWithDefault(Realm.java:332)
	at org.eclipse.ui.internal.Workbench.createAndRunWorkbench(Workbench.java:668)
	at org.eclipse.ui.PlatformUI.createAndRunWorkbench(PlatformUI.java:149)
	at org.eclipse.ui.internal.ide.application.IDEApplication.start(IDEApplication.java:124)
	at org.eclipse.equinox.internal.app.EclipseAppHandle.run(EclipseAppHandle.java:196)
	at org.eclipse.core.runtime.internal.adaptor.EclipseAppLauncher.runApplication(EclipseAppLauncher.java:110)
	at org.eclipse.core.runtime.internal.adaptor.EclipseAppLauncher.start(EclipseAppLauncher.java:79)
	at org.eclipse.core.runtime.adaptor.EclipseStarter.run(EclipseStarter.java:353)
	at org.eclipse.core.runtime.adaptor.EclipseStarter.run(EclipseStarter.java:180)
	at sun.reflect.NativeMethodAccessorImpl.invoke0(Native Method)
	at sun.reflect.NativeMethodAccessorImpl.invoke(Unknown Source)
	at sun.reflect.DelegatingMethodAccessorImpl.invoke(Unknown Source)
	at java.lang.reflect.Method.invoke(Unknown Source)
	at org.eclipse.equinox.launcher.Main.invokeFramework(Main.java:629)
	at org.eclipse.equinox.launcher.Main.basicRun(Main.java:584)
	at org.eclipse.equinox.launcher.Main.run(Main.java:1438)
!SUBENTRY 1 org.eclipse.core.resources 4 274 2013-03-28 09:57:09.296
!MESSAGE Resource is out of sync with the file system: '/Memory Game/LocalFiles/index.html'.

!ENTRY org.eclipse.core.resources 4 1 2013-03-28 09:57:09.298
!MESSAGE Core exception while retrieving the content description
!STACK 1
org.eclipse.core.internal.resources.ResourceException: Resource is out of sync with the file system: '/Memory Game/LocalFiles/index.html'.
	at org.eclipse.core.internal.resources.File.getContentDescription(File.java:269)
	at org.eclipse.core.internal.propertytester.FilePropertyTester.testContentType(FilePropertyTester.java:108)
	at org.eclipse.core.internal.propertytester.FilePropertyTester.test(FilePropertyTester.java:60)
	at org.eclipse.core.internal.expressions.Property.test(Property.java:58)
	at org.eclipse.core.internal.expressions.TestExpression.evaluate(TestExpression.java:99)
	at org.eclipse.core.internal.expressions.CompositeExpression.evaluateAnd(CompositeExpression.java:53)
	at org.eclipse.core.internal.expressions.AndExpression.evaluate(AndExpression.java:29)
	at org.eclipse.core.internal.expressions.CompositeExpression.evaluateOr(CompositeExpression.java:68)
	at org.eclipse.core.internal.expressions.OrExpression.evaluate(OrExpression.java:21)
	at org.eclipse.ui.internal.navigator.NavigatorPlugin$Evaluator.run(NavigatorPlugin.java:245)
	at org.eclipse.core.runtime.SafeRunner.run(SafeRunner.java:42)
	at org.eclipse.ui.internal.navigator.CustomAndExpression.evaluate(CustomAndExpression.java:71)
	at org.eclipse.ui.internal.navigator.NavigatorPlugin$Evaluator.run(NavigatorPlugin.java:245)
	at org.eclipse.core.runtime.SafeRunner.run(SafeRunner.java:42)
	at org.eclipse.ui.internal.navigator.NavigatorPlugin.safeEvaluate(NavigatorPlugin.java:260)
	at org.eclipse.ui.internal.navigator.extensions.NavigatorContentDescriptor.isTriggerPoint(NavigatorContentDescriptor.java:426)
	at org.eclipse.ui.internal.navigator.extensions.NavigatorContentDescriptorManager.findDescriptors(NavigatorContentDescriptorManager.java:236)
	at org.eclipse.ui.internal.navigator.extensions.NavigatorContentDescriptorManager.findDescriptorsForTriggerPoint(NavigatorContentDescriptorManager.java:187)
	at org.eclipse.ui.internal.navigator.NavigatorContentService.findDescriptorsByTriggerPoint(NavigatorContentService.java:805)
	at org.eclipse.ui.internal.navigator.NavigatorContentService.findContentExtensionsByTriggerPoint(NavigatorContentService.java:654)
	at org.eclipse.ui.internal.navigator.NavigatorContentService.findContentExtensionsByTriggerPoint(NavigatorContentService.java:635)
	at org.eclipse.ui.internal.navigator.NavigatorContentServiceContentProvider.hasChildren(NavigatorContentServiceContentProvider.java:377)
	at org.eclipse.ui.internal.navigator.NavigatorContentServiceContentProvider.hasChildren(NavigatorContentServiceContentProvider.java:422)
	at org.eclipse.jface.viewers.AbstractTreeViewer.isExpandable(AbstractTreeViewer.java:2138)
	at org.eclipse.jface.viewers.TreeViewer.isExpandable(TreeViewer.java:588)
	at org.eclipse.jface.viewers.AbstractTreeViewer.isExpandable(AbstractTreeViewer.java:2176)
	at org.eclipse.jface.viewers.AbstractTreeViewer.updatePlus(AbstractTreeViewer.java:2858)
	at org.eclipse.jface.viewers.TreeViewer.updatePlus(TreeViewer.java:852)
	at org.eclipse.jface.viewers.AbstractTreeViewer.createTreeItem(AbstractTreeViewer.java:849)
	at org.eclipse.jface.viewers.AbstractTreeViewer$1.run(AbstractTreeViewer.java:823)
	at org.eclipse.swt.custom.BusyIndicator.showWhile(BusyIndicator.java:70)
	at org.eclipse.jface.viewers.AbstractTreeViewer.createChildren(AbstractTreeViewer.java:797)
	at org.eclipse.jface.viewers.TreeViewer.createChildren(TreeViewer.java:644)
	at org.eclipse.jface.viewers.AbstractTreeViewer.createChildren(AbstractTreeViewer.java:768)
	at org.eclipse.jface.viewers.AbstractTreeViewer.handleTreeExpand(AbstractTreeViewer.java:1500)
	at org.eclipse.jface.viewers.TreeViewer.handleTreeExpand(TreeViewer.java:952)
	at org.eclipse.jface.viewers.AbstractTreeViewer$4.treeExpanded(AbstractTreeViewer.java:1511)
	at org.eclipse.swt.widgets.TypedListener.handleEvent(TypedListener.java:132)
	at org.eclipse.swt.widgets.EventTable.sendEvent(EventTable.java:84)
	at org.eclipse.swt.widgets.Widget.sendEvent(Widget.java:1053)
	at org.eclipse.swt.widgets.Widget.sendEvent(Widget.java:1077)
	at org.eclipse.swt.widgets.Widget.sendEvent(Widget.java:1062)
	at org.eclipse.swt.widgets.Tree.wmNotifyChild(Tree.java:7546)
	at org.eclipse.swt.widgets.Control.wmNotify(Control.java:5534)
	at org.eclipse.swt.widgets.Composite.wmNotify(Composite.java:1896)
	at org.eclipse.swt.widgets.Control.WM_NOTIFY(Control.java:5086)
	at org.eclipse.swt.widgets.Control.windowProc(Control.java:4584)
	at org.eclipse.swt.widgets.Display.windowProc(Display.java:4972)
	at org.eclipse.swt.internal.win32.OS.CallWindowProcW(Native Method)
	at org.eclipse.swt.internal.win32.OS.CallWindowProc(OS.java:2439)
	at org.eclipse.swt.widgets.Tree.callWindowProc(Tree.java:1534)
	at org.eclipse.swt.widgets.Tree.WM_LBUTTONDOWN(Tree.java:6416)
	at org.eclipse.swt.widgets.Control.windowProc(Control.java:4564)
	at org.eclipse.swt.widgets.Tree.windowProc(Tree.java:5939)
	at org.eclipse.swt.widgets.Display.windowProc(Display.java:4972)
	at org.eclipse.swt.internal.win32.OS.DispatchMessageW(Native Method)
	at org.eclipse.swt.internal.win32.OS.DispatchMessage(OS.java:2545)
	at org.eclipse.swt.widgets.Display.readAndDispatch(Display.java:3752)
	at org.eclipse.ui.internal.Workbench.runEventLoop(Workbench.java:2701)
	at org.eclipse.ui.internal.Workbench.runUI(Workbench.java:2665)
	at org.eclipse.ui.internal.Workbench.access$4(Workbench.java:2499)
	at org.eclipse.ui.internal.Workbench$7.run(Workbench.java:679)
	at org.eclipse.core.databinding.observable.Realm.runWithDefault(Realm.java:332)
	at org.eclipse.ui.internal.Workbench.createAndRunWorkbench(Workbench.java:668)
	at org.eclipse.ui.PlatformUI.createAndRunWorkbench(PlatformUI.java:149)
	at org.eclipse.ui.internal.ide.application.IDEApplication.start(IDEApplication.java:124)
	at org.eclipse.equinox.internal.app.EclipseAppHandle.run(EclipseAppHandle.java:196)
	at org.eclipse.core.runtime.internal.adaptor.EclipseAppLauncher.runApplication(EclipseAppLauncher.java:110)
	at org.eclipse.core.runtime.internal.adaptor.EclipseAppLauncher.start(EclipseAppLauncher.java:79)
	at org.eclipse.core.runtime.adaptor.EclipseStarter.run(EclipseStarter.java:353)
	at org.eclipse.core.runtime.adaptor.EclipseStarter.run(EclipseStarter.java:180)
	at sun.reflect.NativeMethodAccessorImpl.invoke0(Native Method)
	at sun.reflect.NativeMethodAccessorImpl.invoke(Unknown Source)
	at sun.reflect.DelegatingMethodAccessorImpl.invoke(Unknown Source)
	at java.lang.reflect.Method.invoke(Unknown Source)
	at org.eclipse.equinox.launcher.Main.invokeFramework(Main.java:629)
	at org.eclipse.equinox.launcher.Main.basicRun(Main.java:584)
	at org.eclipse.equinox.launcher.Main.run(Main.java:1438)
!SUBENTRY 1 org.eclipse.core.resources 4 274 2013-03-28 09:57:09.299
!MESSAGE Resource is out of sync with the file system: '/Memory Game/LocalFiles/index.html'.
